<?xml version="1.0" encoding="UTF-8"?>
<coverage generated="1320639091">
  <project timestamp="1320639091">
    <file name="Z:\krismvc\framework\lib\auth\Auth.php">
      <class name="Auth" namespace="global">
        <metrics methods="25" coveredmethods="0" conditionals="0" coveredconditionals="0" statements="887" coveredstatements="0" elements="912" coveredelements="0"/>
      </class>
      <line num="18" type="stmt" count="0"/>
      <line num="77" type="method" name="__construct" crap="6" count="0"/>
      <line num="79" type="stmt" count="0"/>
      <line num="80" type="stmt" count="0"/>
      <line num="81" type="stmt" count="0"/>
      <line num="82" type="stmt" count="0"/>
      <line num="83" type="stmt" count="0"/>
      <line num="84" type="stmt" count="0"/>
      <line num="93" type="method" name="instance" crap="12" count="0"/>
      <line num="95" type="stmt" count="0"/>
      <line num="96" type="stmt" count="0"/>
      <line num="97" type="stmt" count="0"/>
      <line num="98" type="stmt" count="0"/>
      <line num="99" type="stmt" count="0"/>
      <line num="100" type="stmt" count="0"/>
      <line num="101" type="stmt" count="0"/>
      <line num="102" type="stmt" count="0"/>
      <line num="103" type="stmt" count="0"/>
      <line num="105" type="stmt" count="0"/>
      <line num="111" type="method" name="IsLoggedIn" crap="2" count="0"/>
      <line num="113" type="stmt" count="0"/>
      <line num="121" type="method" name="User" crap="2" count="0"/>
      <line num="123" type="stmt" count="0"/>
      <line num="129" type="method" name="Error" crap="2" count="0"/>
      <line num="131" type="stmt" count="0"/>
      <line num="140" type="method" name="SetError" crap="2" count="0"/>
      <line num="142" type="stmt" count="0"/>
      <line num="143" type="stmt" count="0"/>
      <line num="149" type="method" name="LoginUserToSession" crap="2" count="0"/>
      <line num="151" type="stmt" count="0"/>
      <line num="152" type="stmt" count="0"/>
      <line num="165" type="method" name="AddUser" crap="90" count="0"/>
      <line num="167" type="stmt" count="0"/>
      <line num="168" type="stmt" count="0"/>
      <line num="169" type="stmt" count="0"/>
      <line num="170" type="stmt" count="0"/>
      <line num="172" type="stmt" count="0"/>
      <line num="173" type="stmt" count="0"/>
      <line num="174" type="stmt" count="0"/>
      <line num="176" type="stmt" count="0"/>
      <line num="178" type="stmt" count="0"/>
      <line num="179" type="stmt" count="0"/>
      <line num="180" type="stmt" count="0"/>
      <line num="182" type="stmt" count="0"/>
      <line num="183" type="stmt" count="0"/>
      <line num="184" type="stmt" count="0"/>
      <line num="185" type="stmt" count="0"/>
      <line num="188" type="stmt" count="0"/>
      <line num="190" type="stmt" count="0"/>
      <line num="191" type="stmt" count="0"/>
      <line num="192" type="stmt" count="0"/>
      <line num="193" type="stmt" count="0"/>
      <line num="195" type="stmt" count="0"/>
      <line num="202" type="method" name="isValidEmail" crap="272" count="0"/>
      <line num="204" type="stmt" count="0"/>
      <line num="206" type="stmt" count="0"/>
      <line num="207" type="stmt" count="0"/>
      <line num="208" type="stmt" count="0"/>
      <line num="212" type="stmt" count="0"/>
      <line num="213" type="stmt" count="0"/>
      <line num="214" type="stmt" count="0"/>
      <line num="215" type="stmt" count="0"/>
      <line num="216" type="stmt" count="0"/>
      <line num="217" type="stmt" count="0"/>
      <line num="218" type="stmt" count="0"/>
      <line num="220" type="stmt" count="0"/>
      <line num="222" type="stmt" count="0"/>
      <line num="223" type="stmt" count="0"/>
      <line num="225" type="stmt" count="0"/>
      <line num="226" type="stmt" count="0"/>
      <line num="227" type="stmt" count="0"/>
      <line num="229" type="stmt" count="0"/>
      <line num="230" type="stmt" count="0"/>
      <line num="231" type="stmt" count="0"/>
      <line num="233" type="stmt" count="0"/>
      <line num="237" type="stmt" count="0"/>
      <line num="244" type="method" name="IsValidPassword" crap="56" count="0"/>
      <line num="246" type="stmt" count="0"/>
      <line num="248" type="stmt" count="0"/>
      <line num="249" type="stmt" count="0"/>
      <line num="250" type="stmt" count="0"/>
      <line num="251" type="stmt" count="0"/>
      <line num="252" type="stmt" count="0"/>
      <line num="253" type="stmt" count="0"/>
      <line num="254" type="stmt" count="0"/>
      <line num="255" type="stmt" count="0"/>
      <line num="256" type="stmt" count="0"/>
      <line num="257" type="stmt" count="0"/>
      <line num="258" type="stmt" count="0"/>
      <line num="260" type="stmt" count="0"/>
      <line num="261" type="stmt" count="0"/>
      <line num="262" type="stmt" count="0"/>
      <line num="263" type="stmt" count="0"/>
      <line num="265" type="stmt" count="0"/>
      <line num="266" type="stmt" count="0"/>
      <line num="267" type="stmt" count="0"/>
      <line num="268" type="stmt" count="0"/>
      <line num="269" type="stmt" count="0"/>
      <line num="272" type="stmt" count="0"/>
      <line num="273" type="stmt" count="0"/>
      <line num="274" type="stmt" count="0"/>
      <line num="275" type="stmt" count="0"/>
      <line num="278" type="stmt" count="0"/>
      <line num="291" type="method" name="LoginWithEmail" crap="342" count="0"/>
      <line num="299" type="method" name="Login" crap="342" count="0"/>
      <line num="306" type="method" name="Logout" crap="342" count="0"/>
      <line num="313" type="method" name="GetPasswordReminderToken" crap="342" count="0"/>
      <line num="321" type="method" name="IsValidPasswordReminderGuid" crap="342" count="0"/>
      <line num="328" type="method" name="ChangePasswordWithPasswordReminderGuid" crap="342" count="0"/>
      <line num="338" type="method" name="AddUserRecord" crap="342" count="0"/>
      <line num="344" type="method" name="SaveData" crap="342" count="0"/>
      <line num="351" type="method" name="SetPassword" crap="342" count="0"/>
      <line num="358" type="method" name="SaveAcl" crap="342" count="0"/>
      <line num="365" type="method" name="GetUsernameFromEmail" crap="342" count="0"/>
      <line num="374" type="method" name="GetUsers" crap="342" count="0"/>
      <line num="385" type="method" name="SearchUsers" crap="342" count="0"/>
      <line num="393" type="method" name="TotalUsers" crap="342" count="0"/>
      <line num="395" type="method" name="GetFriendlyAuthError" crap="342" count="0"/>
      <line num="399" type="stmt" count="0"/>
      <line num="400" type="stmt" count="0"/>
      <line num="401" type="stmt" count="0"/>
      <line num="402" type="stmt" count="0"/>
      <line num="403" type="stmt" count="0"/>
      <line num="404" type="stmt" count="0"/>
      <line num="405" type="stmt" count="0"/>
      <line num="406" type="stmt" count="0"/>
      <line num="407" type="stmt" count="0"/>
      <line num="408" type="stmt" count="0"/>
      <line num="409" type="stmt" count="0"/>
      <line num="410" type="stmt" count="0"/>
      <line num="411" type="stmt" count="0"/>
      <line num="412" type="stmt" count="0"/>
      <line num="413" type="stmt" count="0"/>
      <line num="414" type="stmt" count="0"/>
      <line num="415" type="stmt" count="0"/>
      <line num="416" type="stmt" count="0"/>
      <line num="417" type="stmt" count="0"/>
      <line num="418" type="stmt" count="0"/>
      <line num="419" type="stmt" count="0"/>
      <line num="420" type="stmt" count="0"/>
      <line num="421" type="stmt" count="0"/>
      <line num="422" type="stmt" count="0"/>
      <line num="423" type="stmt" count="0"/>
      <line num="424" type="stmt" count="0"/>
      <line num="425" type="stmt" count="0"/>
      <line num="426" type="stmt" count="0"/>
      <line num="427" type="stmt" count="0"/>
      <line num="428" type="stmt" count="0"/>
      <line num="429" type="stmt" count="0"/>
      <line num="430" type="stmt" count="0"/>
      <line num="431" type="stmt" count="0"/>
      <line num="432" type="stmt" count="0"/>
      <line num="433" type="stmt" count="0"/>
      <line num="434" type="stmt" count="0"/>
      <line num="435" type="stmt" count="0"/>
      <line num="436" type="stmt" count="0"/>
      <line num="437" type="stmt" count="0"/>
      <line num="438" type="stmt" count="0"/>
      <line num="439" type="stmt" count="0"/>
      <line num="440" type="stmt" count="0"/>
      <line num="441" type="stmt" count="0"/>
      <line num="442" type="stmt" count="0"/>
      <line num="443" type="stmt" count="0"/>
      <line num="444" type="stmt" count="0"/>
      <line num="445" type="stmt" count="0"/>
      <line num="446" type="stmt" count="0"/>
      <line num="447" type="stmt" count="0"/>
      <line num="448" type="stmt" count="0"/>
      <line num="449" type="stmt" count="0"/>
      <line num="451" type="stmt" count="0"/>
      <line num="453" type="stmt" count="0"/>
      <line num="459" type="stmt" count="0"/>
      <metrics loc="458" ncloc="293" classes="1" methods="25" coveredmethods="0" conditionals="0" coveredconditionals="0" statements="889" coveredstatements="0" elements="914" coveredelements="0"/>
    </file>
    <file name="Z:\krismvc\framework\lib\auth\Auth_DB.php">
      <class name="Auth_DB" namespace="global" fullPackage="Auth">
        <metrics methods="20" coveredmethods="0" conditionals="0" coveredconditionals="0" statements="122" coveredstatements="0" elements="142" coveredelements="0"/>
      </class>
      <class name="DBUserModel" namespace="global">
        <metrics methods="1" coveredmethods="0" conditionals="0" coveredconditionals="0" statements="3" coveredstatements="0" elements="4" coveredelements="0"/>
      </class>
      <line num="15" type="stmt" count="0"/>
      <line num="28" type="method" name="__construct" crap="2" count="0"/>
      <line num="30" type="stmt" count="0"/>
      <line num="31" type="stmt" count="0"/>
      <line num="32" type="stmt" count="0"/>
      <line num="37" type="method" name="__destruct" crap="6" count="0"/>
      <line num="39" type="stmt" count="0"/>
      <line num="40" type="stmt" count="0"/>
      <line num="41" type="stmt" count="0"/>
      <line num="42" type="stmt" count="0"/>
      <line num="43" type="stmt" count="0"/>
      <line num="50" type="method" name="LoginWithEmail" crap="6" count="0"/>
      <line num="52" type="stmt" count="0"/>
      <line num="53" type="stmt" count="0"/>
      <line num="54" type="stmt" count="0"/>
      <line num="58" type="stmt" count="0"/>
      <line num="61" type="stmt" count="0"/>
      <line num="69" type="method" name="Login" crap="6" count="0"/>
      <line num="71" type="stmt" count="0"/>
      <line num="73" type="stmt" count="0"/>
      <line num="74" type="stmt" count="0"/>
      <line num="78" type="stmt" count="0"/>
      <line num="81" type="stmt" count="0"/>
      <line num="88" type="method" name="LoginWithRecord" crap="20" count="0"/>
      <line num="91" type="stmt" count="0"/>
      <line num="92" type="stmt" count="0"/>
      <line num="93" type="stmt" count="0"/>
      <line num="94" type="stmt" count="0"/>
      <line num="96" type="stmt" count="0"/>
      <line num="97" type="stmt" count="0"/>
      <line num="98" type="stmt" count="0"/>
      <line num="99" type="stmt" count="0"/>
      <line num="103" type="stmt" count="0"/>
      <line num="104" type="stmt" count="0"/>
      <line num="105" type="stmt" count="0"/>
      <line num="107" type="stmt" count="0"/>
      <line num="108" type="stmt" count="0"/>
      <line num="109" type="stmt" count="0"/>
      <line num="110" type="stmt" count="0"/>
      <line num="111" type="stmt" count="0"/>
      <line num="112" type="stmt" count="0"/>
      <line num="113" type="stmt" count="0"/>
      <line num="117" type="stmt" count="0"/>
      <line num="118" type="stmt" count="0"/>
      <line num="119" type="stmt" count="0"/>
      <line num="122" type="stmt" count="0"/>
      <line num="130" type="method" name="SaveUserData" crap="2" count="0"/>
      <line num="133" type="stmt" count="0"/>
      <line num="134" type="stmt" count="0"/>
      <line num="135" type="stmt" count="0"/>
      <line num="136" type="stmt" count="0"/>
      <line num="142" type="method" name="Logout" crap="2" count="0"/>
      <line num="144" type="stmt" count="0"/>
      <line num="145" type="stmt" count="0"/>
      <line num="146" type="stmt" count="0"/>
      <line num="157" type="method" name="AddUserRecord" crap="20" count="0"/>
      <line num="160" type="stmt" count="0"/>
      <line num="161" type="stmt" count="0"/>
      <line num="162" type="stmt" count="0"/>
      <line num="164" type="stmt" count="0"/>
      <line num="165" type="stmt" count="0"/>
      <line num="167" type="stmt" count="0"/>
      <line num="169" type="stmt" count="0"/>
      <line num="170" type="stmt" count="0"/>
      <line num="171" type="stmt" count="0"/>
      <line num="173" type="stmt" count="0"/>
      <line num="176" type="stmt" count="0"/>
      <line num="177" type="stmt" count="0"/>
      <line num="178" type="stmt" count="0"/>
      <line num="179" type="stmt" count="0"/>
      <line num="180" type="stmt" count="0"/>
      <line num="182" type="stmt" count="0"/>
      <line num="189" type="method" name="SaveData" crap="2" count="0"/>
      <line num="191" type="stmt" count="0"/>
      <line num="192" type="stmt" count="0"/>
      <line num="197" type="method" name="SaveAcl" crap="2" count="0"/>
      <line num="199" type="stmt" count="0"/>
      <line num="200" type="stmt" count="0"/>
      <line num="207" type="method" name="SetPassword" crap="2" count="0"/>
      <line num="210" type="stmt" count="0"/>
      <line num="211" type="stmt" count="0"/>
      <line num="212" type="stmt" count="0"/>
      <line num="213" type="stmt" count="0"/>
      <line num="221" type="method" name="GetUsers" crap="2" count="0"/>
      <line num="223" type="stmt" count="0"/>
      <line num="234" type="method" name="SearchUsers" crap="2" count="0"/>
      <line num="236" type="stmt" count="0"/>
      <line num="238" type="stmt" count="0"/>
      <line num="246" type="method" name="GetSearchField" crap="12" count="0"/>
      <line num="248" type="stmt" count="0"/>
      <line num="249" type="stmt" count="0"/>
      <line num="250" type="stmt" count="0"/>
      <line num="251" type="stmt" count="0"/>
      <line num="253" type="stmt" count="0"/>
      <line num="254" type="stmt" count="0"/>
      <line num="255" type="stmt" count="0"/>
      <line num="256" type="stmt" count="0"/>
      <line num="260" type="stmt" count="0"/>
      <line num="269" type="method" name="TotalUsers" crap="6" count="0"/>
      <line num="271" type="stmt" count="0"/>
      <line num="272" type="stmt" count="0"/>
      <line num="273" type="stmt" count="0"/>
      <line num="274" type="stmt" count="0"/>
      <line num="275" type="stmt" count="0"/>
      <line num="278" type="stmt" count="0"/>
      <line num="279" type="stmt" count="0"/>
      <line num="282" type="stmt" count="0"/>
      <line num="290" type="method" name="GetPasswordReminderToken" crap="6" count="0"/>
      <line num="292" type="stmt" count="0"/>
      <line num="293" type="stmt" count="0"/>
      <line num="294" type="stmt" count="0"/>
      <line num="295" type="stmt" count="0"/>
      <line num="300" type="stmt" count="0"/>
      <line num="303" type="stmt" count="0"/>
      <line num="304" type="stmt" count="0"/>
      <line num="306" type="stmt" count="0"/>
      <line num="308" type="stmt" count="0"/>
      <line num="316" type="method" name="GetUsernameFromEmail" crap="6" count="0"/>
      <line num="318" type="stmt" count="0"/>
      <line num="319" type="stmt" count="0"/>
      <line num="320" type="stmt" count="0"/>
      <line num="321" type="stmt" count="0"/>
      <line num="322" type="stmt" count="0"/>
      <line num="329" type="method" name="IsValidPasswordReminderGuid" crap="6" count="0"/>
      <line num="331" type="stmt" count="0"/>
      <line num="332" type="stmt" count="0"/>
      <line num="333" type="stmt" count="0"/>
      <line num="337" type="stmt" count="0"/>
      <line num="346" type="method" name="ChangePasswordWithPasswordReminderGuid" crap="12" count="0"/>
      <line num="348" type="stmt" count="0"/>
      <line num="349" type="stmt" count="0"/>
      <line num="350" type="stmt" count="0"/>
      <line num="351" type="stmt" count="0"/>
      <line num="352" type="stmt" count="0"/>
      <line num="353" type="stmt" count="0"/>
      <line num="354" type="stmt" count="0"/>
      <line num="355" type="stmt" count="0"/>
      <line num="357" type="stmt" count="0"/>
      <line num="358" type="stmt" count="0"/>
      <line num="361" type="stmt" count="0"/>
      <line num="363" type="stmt" count="0"/>
      <line num="370" type="method" name="ValidateGuidExpire" crap="2" count="0"/>
      <line num="372" type="stmt" count="0"/>
      <line num="393" type="stmt" count="0"/>
      <line num="399" type="method" name="__construct" crap="2" count="0"/>
      <line num="401" type="stmt" count="0"/>
      <line num="402" type="stmt" count="0"/>
      <line num="403" type="stmt" count="0"/>
      <line num="405" type="stmt" count="0"/>
      <metrics loc="404" ncloc="270" classes="2" methods="21" coveredmethods="0" conditionals="0" coveredconditionals="0" statements="128" coveredstatements="0" elements="149" coveredelements="0"/>
    </file>
    <file name="Z:\krismvc\framework\lib\auth\PasswordHash.php">
      <class name="PasswordHash" namespace="global">
        <metrics methods="9" coveredmethods="8" conditionals="0" coveredconditionals="0" statements="145" coveredstatements="114" elements="154" coveredelements="122"/>
      </class>
      <line num="43" type="method" name="__construct" crap="4" count="3"/>
      <line num="45" type="stmt" count="3"/>
      <line num="47" type="stmt" count="3"/>
      <line num="48" type="stmt" count="3"/>
      <line num="49" type="stmt" count="3"/>
      <line num="51" type="stmt" count="3"/>
      <line num="53" type="stmt" count="3"/>
      <line num="54" type="stmt" count="3"/>
      <line num="55" type="stmt" count="3"/>
      <line num="56" type="stmt" count="3"/>
      <line num="57" type="stmt" count="3"/>
      <line num="58" type="stmt" count="3"/>
      <line num="64" type="method" name="get_random_bytes" crap="5.16" count="2"/>
      <line num="66" type="stmt" count="2"/>
      <line num="67" type="stmt" count="2"/>
      <line num="68" type="stmt" count="2"/>
      <line num="69" type="stmt" count="0"/>
      <line num="70" type="stmt" count="0"/>
      <line num="71" type="stmt" count="0"/>
      <line num="73" type="stmt" count="2"/>
      <line num="74" type="stmt" count="2"/>
      <line num="75" type="stmt" count="2"/>
      <line num="76" type="stmt" count="2"/>
      <line num="78" type="stmt" count="2"/>
      <line num="79" type="stmt" count="2"/>
      <line num="80" type="stmt" count="2"/>
      <line num="81" type="stmt" count="2"/>
      <line num="82" type="stmt" count="2"/>
      <line num="84" type="stmt" count="2"/>
      <line num="92" type="method" name="encode64" crap="6" count="2"/>
      <line num="94" type="stmt" count="2"/>
      <line num="95" type="stmt" count="2"/>
      <line num="97" type="stmt" count="2"/>
      <line num="98" type="stmt" count="2"/>
      <line num="99" type="stmt" count="2"/>
      <line num="100" type="stmt" count="2"/>
      <line num="101" type="stmt" count="2"/>
      <line num="102" type="stmt" count="2"/>
      <line num="103" type="stmt" count="2"/>
      <line num="104" type="stmt" count="2"/>
      <line num="105" type="stmt" count="2"/>
      <line num="106" type="stmt" count="2"/>
      <line num="108" type="stmt" count="2"/>
      <line num="109" type="stmt" count="2"/>
      <line num="110" type="stmt" count="2"/>
      <line num="111" type="stmt" count="2"/>
      <line num="112" type="stmt" count="2"/>
      <line num="113" type="stmt" count="2"/>
      <line num="114" type="stmt" count="2"/>
      <line num="115" type="stmt" count="0"/>
      <line num="117" type="stmt" count="2"/>
      <line num="118" type="stmt" count="2"/>
      <line num="120" type="stmt" count="2"/>
      <line num="127" type="method" name="gensalt_private" crap="2" count="1"/>
      <line num="129" type="stmt" count="1"/>
      <line num="130" type="stmt" count="1"/>
      <line num="131" type="stmt" count="1"/>
      <line num="133" type="stmt" count="1"/>
      <line num="141" type="method" name="crypt_private" crap="11.41" count="3"/>
      <line num="143" type="stmt" count="3"/>
      <line num="144" type="stmt" count="3"/>
      <line num="145" type="stmt" count="3"/>
      <line num="146" type="stmt" count="0"/>
      <line num="147" type="stmt" count="0"/>
      <line num="149" type="stmt" count="3"/>
      <line num="151" type="stmt" count="3"/>
      <line num="152" type="stmt" count="3"/>
      <line num="153" type="stmt" count="1"/>
      <line num="156" type="stmt" count="2"/>
      <line num="157" type="stmt" count="2"/>
      <line num="158" type="stmt" count="2"/>
      <line num="159" type="stmt" count="0"/>
      <line num="162" type="stmt" count="2"/>
      <line num="164" type="stmt" count="2"/>
      <line num="165" type="stmt" count="2"/>
      <line num="166" type="stmt" count="2"/>
      <line num="167" type="stmt" count="0"/>
      <line num="176" type="stmt" count="2"/>
      <line num="177" type="stmt" count="2"/>
      <line num="179" type="stmt" count="2"/>
      <line num="180" type="stmt" count="2"/>
      <line num="181" type="stmt" count="2"/>
      <line num="182" type="stmt" count="0"/>
      <line num="184" type="stmt" count="0"/>
      <line num="185" type="stmt" count="0"/>
      <line num="188" type="stmt" count="2"/>
      <line num="189" type="stmt" count="2"/>
      <line num="191" type="stmt" count="2"/>
      <line num="198" type="method" name="gensalt_extended" crap="2" count="0"/>
      <line num="200" type="stmt" count="0"/>
      <line num="203" type="stmt" count="0"/>
      <line num="205" type="stmt" count="0"/>
      <line num="206" type="stmt" count="0"/>
      <line num="207" type="stmt" count="0"/>
      <line num="208" type="stmt" count="0"/>
      <line num="209" type="stmt" count="0"/>
      <line num="211" type="stmt" count="0"/>
      <line num="213" type="stmt" count="0"/>
      <line num="220" type="method" name="gensalt_blowfish" crap="3" count="1"/>
      <line num="230" type="stmt" count="1"/>
      <line num="232" type="stmt" count="1"/>
      <line num="233" type="stmt" count="1"/>
      <line num="234" type="stmt" count="1"/>
      <line num="235" type="stmt" count="1"/>
      <line num="237" type="stmt" count="1"/>
      <line num="239" type="stmt" count="1"/>
      <line num="240" type="stmt" count="1"/>
      <line num="241" type="stmt" count="1"/>
      <line num="242" type="stmt" count="1"/>
      <line num="243" type="stmt" count="1"/>
      <line num="244" type="stmt" count="1"/>
      <line num="247" type="stmt" count="1"/>
      <line num="248" type="stmt" count="1"/>
      <line num="249" type="stmt" count="1"/>
      <line num="250" type="stmt" count="1"/>
      <line num="252" type="stmt" count="1"/>
      <line num="253" type="stmt" count="1"/>
      <line num="254" type="stmt" count="1"/>
      <line num="255" type="stmt" count="1"/>
      <line num="256" type="stmt" count="1"/>
      <line num="258" type="stmt" count="1"/>
      <line num="265" type="method" name="HashPassword" crap="18.52" count="2"/>
      <line num="267" type="stmt" count="2"/>
      <line num="269" type="stmt" count="2"/>
      <line num="270" type="stmt" count="1"/>
      <line num="271" type="stmt" count="1"/>
      <line num="272" type="stmt" count="1"/>
      <line num="273" type="stmt" count="1"/>
      <line num="274" type="stmt" count="1"/>
      <line num="276" type="stmt" count="0"/>
      <line num="278" type="stmt" count="1"/>
      <line num="279" type="stmt" count="0"/>
      <line num="280" type="stmt" count="0"/>
      <line num="281" type="stmt" count="0"/>
      <line num="282" type="stmt" count="0"/>
      <line num="283" type="stmt" count="0"/>
      <line num="284" type="stmt" count="0"/>
      <line num="285" type="stmt" count="0"/>
      <line num="286" type="stmt" count="0"/>
      <line num="288" type="stmt" count="0"/>
      <line num="290" type="stmt" count="1"/>
      <line num="291" type="stmt" count="1"/>
      <line num="292" type="stmt" count="1"/>
      <line num="293" type="stmt" count="1"/>
      <line num="294" type="stmt" count="1"/>
      <line num="295" type="stmt" count="1"/>
      <line num="301" type="stmt" count="0"/>
      <line num="309" type="method" name="CheckPassword" crap="2" count="3"/>
      <line num="311" type="stmt" count="3"/>
      <line num="312" type="stmt" count="3"/>
      <line num="313" type="stmt" count="3"/>
      <line num="314" type="stmt" count="1"/>
      <line num="315" type="stmt" count="1"/>
      <line num="317" type="stmt" count="3"/>
      <metrics loc="321" ncloc="188" classes="1" methods="9" coveredmethods="8" conditionals="0" coveredconditionals="0" statements="145" coveredstatements="114" elements="154" coveredelements="122"/>
    </file>
    <file name="Z:\krismvc\framework\lib\auth\Session.php">
      <class name="Session" namespace="global">
        <metrics methods="7" coveredmethods="0" conditionals="0" coveredconditionals="0" statements="30" coveredstatements="0" elements="37" coveredelements="0"/>
      </class>
      <line num="15" type="stmt" count="0"/>
      <line num="24" type="method" name="__construct" crap="6" count="0"/>
      <line num="26" type="stmt" count="0"/>
      <line num="27" type="stmt" count="0"/>
      <line num="28" type="stmt" count="0"/>
      <line num="29" type="stmt" count="0"/>
      <line num="30" type="stmt" count="0"/>
      <line num="36" type="method" name="instance" crap="12" count="0"/>
      <line num="38" type="stmt" count="0"/>
      <line num="39" type="stmt" count="0"/>
      <line num="40" type="stmt" count="0"/>
      <line num="41" type="stmt" count="0"/>
      <line num="42" type="stmt" count="0"/>
      <line num="43" type="stmt" count="0"/>
      <line num="44" type="stmt" count="0"/>
      <line num="45" type="stmt" count="0"/>
      <line num="47" type="stmt" count="0"/>
      <line num="54" type="method" name="CacheExpire" crap="2" count="0"/>
      <line num="56" type="stmt" count="0"/>
      <line num="62" type="method" name="Destroy" crap="6" count="0"/>
      <line num="64" type="stmt" count="0"/>
      <line num="66" type="stmt" count="0"/>
      <line num="67" type="stmt" count="0"/>
      <line num="68" type="stmt" count="0"/>
      <line num="69" type="stmt" count="0"/>
      <line num="70" type="stmt" count="0"/>
      <line num="71" type="stmt" count="0"/>
      <line num="78" type="method" name="id" crap="6" count="0"/>
      <line num="80" type="stmt" count="0"/>
      <line num="81" type="stmt" count="0"/>
      <line num="82" type="stmt" count="0"/>
      <line num="84" type="stmt" count="0"/>
      <line num="85" type="stmt" count="0"/>
      <line num="93" type="method" name="Get" crap="6" count="0"/>
      <line num="95" type="stmt" count="0"/>
      <line num="103" type="method" name="Set" crap="2" count="0"/>
      <line num="105" type="stmt" count="0"/>
      <line num="106" type="stmt" count="0"/>
      <line num="111" type="stmt" count="0"/>
      <metrics loc="110" ncloc="68" classes="1" methods="7" coveredmethods="0" conditionals="0" coveredconditionals="0" statements="32" coveredstatements="0" elements="39" coveredelements="0"/>
    </file>
    <file name="Z:\krismvc\framework\lib\auth\User.php">
      <class name="User" namespace="global">
        <metrics methods="14" coveredmethods="0" conditionals="0" coveredconditionals="0" statements="38" coveredstatements="0" elements="52" coveredelements="0"/>
      </class>
      <line num="11" type="stmt" count="0"/>
      <line num="57" type="method" name="__construct" crap="2" count="0"/>
      <line num="59" type="stmt" count="0"/>
      <line num="60" type="stmt" count="0"/>
      <line num="61" type="stmt" count="0"/>
      <line num="62" type="stmt" count="0"/>
      <line num="63" type="stmt" count="0"/>
      <line num="64" type="stmt" count="0"/>
      <line num="70" type="method" name="__destruct" crap="12" count="0"/>
      <line num="72" type="stmt" count="0"/>
      <line num="73" type="stmt" count="0"/>
      <line num="74" type="stmt" count="0"/>
      <line num="75" type="stmt" count="0"/>
      <line num="76" type="stmt" count="0"/>
      <line num="77" type="stmt" count="0"/>
      <line num="78" type="stmt" count="0"/>
      <line num="79" type="stmt" count="0"/>
      <line num="80" type="stmt" count="0"/>
      <line num="85" type="method" name="UserId" crap="2" count="0"/>
      <line num="87" type="stmt" count="0"/>
      <line num="93" type="method" name="Email" crap="2" count="0"/>
      <line num="95" type="stmt" count="0"/>
      <line num="101" type="method" name="UserName" crap="2" count="0"/>
      <line num="103" type="stmt" count="0"/>
      <line num="112" type="method" name="SetUserData" crap="2" count="0"/>
      <line num="114" type="stmt" count="0"/>
      <line num="115" type="stmt" count="0"/>
      <line num="116" type="stmt" count="0"/>
      <line num="122" type="method" name="UnsetUserData" crap="2" count="0"/>
      <line num="124" type="stmt" count="0"/>
      <line num="125" type="stmt" count="0"/>
      <line num="126" type="stmt" count="0"/>
      <line num="133" type="method" name="GetUserData" crap="6" count="0"/>
      <line num="135" type="stmt" count="0"/>
      <line num="136" type="stmt" count="0"/>
      <line num="137" type="stmt" count="0"/>
      <line num="139" type="stmt" count="0"/>
      <line num="146" type="method" name="SetAcl" crap="2" count="0"/>
      <line num="148" type="stmt" count="0"/>
      <line num="149" type="stmt" count="0"/>
      <line num="150" type="stmt" count="0"/>
      <line num="156" type="method" name="RemoveAcl" crap="2" count="0"/>
      <line num="158" type="stmt" count="0"/>
      <line num="159" type="stmt" count="0"/>
      <line num="160" type="stmt" count="0"/>
      <line num="166" type="method" name="HasAcl" crap="2" count="0"/>
      <line num="168" type="stmt" count="0"/>
      <line num="176" type="method" name="HasAclOrGreater" crap="2" count="0"/>
      <line num="178" type="stmt" count="0"/>
      <line num="185" type="method" name="GetAcl" crap="2" count="0"/>
      <line num="187" type="stmt" count="0"/>
      <line num="194" type="method" name="GetData" crap="2" count="0"/>
      <line num="196" type="stmt" count="0"/>
      <line num="202" type="stmt" count="0"/>
      <metrics loc="201" ncloc="112" classes="1" methods="14" coveredmethods="0" conditionals="0" coveredconditionals="0" statements="40" coveredstatements="0" elements="54" coveredelements="0"/>
    </file>
    <file name="Z:\krismvc\framework\lib\cache\Cache.php">
      <class name="Cache" namespace="global">
        <metrics methods="6" coveredmethods="0" conditionals="0" coveredconditionals="0" statements="22" coveredstatements="0" elements="28" coveredelements="0"/>
      </class>
      <line num="26" type="method" name="instance" crap="56" count="0"/>
      <line num="28" type="stmt" count="0"/>
      <line num="29" type="stmt" count="0"/>
      <line num="30" type="stmt" count="0"/>
      <line num="31" type="stmt" count="0"/>
      <line num="33" type="stmt" count="0"/>
      <line num="34" type="stmt" count="0"/>
      <line num="35" type="stmt" count="0"/>
      <line num="37" type="stmt" count="0"/>
      <line num="38" type="stmt" count="0"/>
      <line num="41" type="stmt" count="0"/>
      <line num="42" type="stmt" count="0"/>
      <line num="43" type="stmt" count="0"/>
      <line num="44" type="stmt" count="0"/>
      <line num="45" type="stmt" count="0"/>
      <line num="46" type="stmt" count="0"/>
      <line num="47" type="stmt" count="0"/>
      <line num="48" type="stmt" count="0"/>
      <line num="51" type="stmt" count="0"/>
      <line num="52" type="stmt" count="0"/>
      <line num="53" type="stmt" count="0"/>
      <line num="54" type="stmt" count="0"/>
      <line num="55" type="stmt" count="0"/>
      <line num="65" type="method" name="Store" crap="1" count="0"/>
      <line num="74" type="method" name="Add" crap="1" count="0"/>
      <line num="82" type="method" name="Fetch" crap="1" count="0"/>
      <line num="89" type="method" name="Delete" crap="1" count="0"/>
      <line num="95" type="method" name="ClearCache" crap="1" count="0"/>
      <metrics loc="98" ncloc="48" classes="1" methods="6" coveredmethods="0" conditionals="0" coveredconditionals="0" statements="22" coveredstatements="0" elements="28" coveredelements="0"/>
    </file>
    <file name="Z:\krismvc\framework\lib\cache\DbCache.php">
      <class name="CacheDB" namespace="global">
        <metrics methods="2" coveredmethods="0" conditionals="0" coveredconditionals="0" statements="8" coveredstatements="0" elements="10" coveredelements="0"/>
      </class>
      <class name="DBCache" namespace="global">
        <metrics methods="6" coveredmethods="0" conditionals="0" coveredconditionals="0" statements="37" coveredstatements="0" elements="43" coveredelements="0"/>
      </class>
      <line num="18" type="stmt" count="0"/>
      <line num="22" type="method" name="__construct" crap="2" count="0"/>
      <line num="24" type="stmt" count="0"/>
      <line num="25" type="stmt" count="0"/>
      <line num="27" type="stmt" count="0"/>
      <line num="34" type="method" name="getDatabaseHandle" crap="6" count="0"/>
      <line num="36" type="stmt" count="0"/>
      <line num="37" type="stmt" count="0"/>
      <line num="38" type="stmt" count="0"/>
      <line num="39" type="stmt" count="0"/>
      <line num="40" type="stmt" count="0"/>
      <line num="49" type="stmt" count="0"/>
      <line num="57" type="method" name="__construct" crap="2" count="0"/>
      <line num="59" type="stmt" count="0"/>
      <line num="60" type="stmt" count="0"/>
      <line num="69" type="method" name="Store" crap="6" count="0"/>
      <line num="71" type="stmt" count="0"/>
      <line num="72" type="stmt" count="0"/>
      <line num="73" type="stmt" count="0"/>
      <line num="75" type="stmt" count="0"/>
      <line num="76" type="stmt" count="0"/>
      <line num="77" type="stmt" count="0"/>
      <line num="78" type="stmt" count="0"/>
      <line num="81" type="stmt" count="0"/>
      <line num="83" type="stmt" count="0"/>
      <line num="91" type="method" name="Add" crap="6" count="0"/>
      <line num="93" type="stmt" count="0"/>
      <line num="95" type="stmt" count="0"/>
      <line num="96" type="stmt" count="0"/>
      <line num="97" type="stmt" count="0"/>
      <line num="101" type="stmt" count="0"/>
      <line num="102" type="stmt" count="0"/>
      <line num="103" type="stmt" count="0"/>
      <line num="105" type="stmt" count="0"/>
      <line num="112" type="method" name="Fetch" crap="12" count="0"/>
      <line num="114" type="stmt" count="0"/>
      <line num="116" type="stmt" count="0"/>
      <line num="117" type="stmt" count="0"/>
      <line num="118" type="stmt" count="0"/>
      <line num="119" type="stmt" count="0"/>
      <line num="120" type="stmt" count="0"/>
      <line num="121" type="stmt" count="0"/>
      <line num="122" type="stmt" count="0"/>
      <line num="124" type="stmt" count="0"/>
      <line num="128" type="stmt" count="0"/>
      <line num="136" type="method" name="Delete" crap="6" count="0"/>
      <line num="138" type="stmt" count="0"/>
      <line num="140" type="stmt" count="0"/>
      <line num="141" type="stmt" count="0"/>
      <line num="142" type="stmt" count="0"/>
      <line num="143" type="stmt" count="0"/>
      <line num="145" type="stmt" count="0"/>
      <line num="152" type="method" name="ClearCache" crap="2" count="0"/>
      <line num="154" type="stmt" count="0"/>
      <line num="155" type="stmt" count="0"/>
      <line num="157" type="stmt" count="0"/>
      <metrics loc="156" ncloc="106" classes="2" methods="8" coveredmethods="0" conditionals="0" coveredconditionals="0" statements="48" coveredstatements="0" elements="56" coveredelements="0"/>
    </file>
    <file name="Z:\krismvc\framework\lib\cache\FileCache.php">
      <class name="FileCache" namespace="global">
        <metrics methods="7" coveredmethods="0" conditionals="0" coveredconditionals="0" statements="44" coveredstatements="0" elements="51" coveredelements="0"/>
      </class>
      <line num="17" type="stmt" count="0"/>
      <line num="24" type="method" name="__construct" crap="2" count="0"/>
      <line num="26" type="stmt" count="0"/>
      <line num="27" type="stmt" count="0"/>
      <line num="36" type="method" name="Store" crap="2" count="0"/>
      <line num="38" type="stmt" count="0"/>
      <line num="39" type="stmt" count="0"/>
      <line num="40" type="stmt" count="0"/>
      <line num="41" type="stmt" count="0"/>
      <line num="49" type="method" name="Add" crap="6" count="0"/>
      <line num="51" type="stmt" count="0"/>
      <line num="52" type="stmt" count="0"/>
      <line num="53" type="stmt" count="0"/>
      <line num="54" type="stmt" count="0"/>
      <line num="55" type="stmt" count="0"/>
      <line num="56" type="stmt" count="0"/>
      <line num="59" type="stmt" count="0"/>
      <line num="62" type="stmt" count="0"/>
      <line num="69" type="method" name="Fetch" crap="20" count="0"/>
      <line num="71" type="stmt" count="0"/>
      <line num="72" type="stmt" count="0"/>
      <line num="73" type="stmt" count="0"/>
      <line num="74" type="stmt" count="0"/>
      <line num="76" type="stmt" count="0"/>
      <line num="77" type="stmt" count="0"/>
      <line num="78" type="stmt" count="0"/>
      <line num="79" type="stmt" count="0"/>
      <line num="80" type="stmt" count="0"/>
      <line num="82" type="stmt" count="0"/>
      <line num="83" type="stmt" count="0"/>
      <line num="84" type="stmt" count="0"/>
      <line num="85" type="stmt" count="0"/>
      <line num="87" type="stmt" count="0"/>
      <line num="88" type="stmt" count="0"/>
      <line num="89" type="stmt" count="0"/>
      <line num="96" type="method" name="Delete" crap="6" count="0"/>
      <line num="98" type="stmt" count="0"/>
      <line num="99" type="stmt" count="0"/>
      <line num="100" type="stmt" count="0"/>
      <line num="101" type="stmt" count="0"/>
      <line num="102" type="stmt" count="0"/>
      <line num="104" type="stmt" count="0"/>
      <line num="110" type="method" name="ClearCache" crap="6" count="0"/>
      <line num="112" type="stmt" count="0"/>
      <line num="113" type="stmt" count="0"/>
      <line num="114" type="stmt" count="0"/>
      <line num="116" type="stmt" count="0"/>
      <line num="117" type="stmt" count="0"/>
      <line num="118" type="stmt" count="0"/>
      <line num="120" type="stmt" count="0"/>
      <line num="127" type="method" name="GetFilename" crap="2" count="0"/>
      <line num="129" type="stmt" count="0"/>
      <line num="132" type="stmt" count="0"/>
      <metrics loc="131" ncloc="89" classes="1" methods="7" coveredmethods="0" conditionals="0" coveredconditionals="0" statements="46" coveredstatements="0" elements="53" coveredelements="0"/>
    </file>
    <file name="Z:\krismvc\framework\lib\controller\DefaultController.php">
      <class name="DefaultController" namespace="global">
        <metrics methods="5" coveredmethods="0" conditionals="0" coveredconditionals="0" statements="6" coveredstatements="0" elements="11" coveredelements="0"/>
      </class>
      <line num="11" type="stmt" count="0"/>
      <line num="38" type="method" name="__construct" crap="2" count="0"/>
      <line num="45" type="method" name="GetHtmlError" crap="2" count="0"/>
      <line num="47" type="stmt" count="0"/>
      <line num="56" type="method" name="AddError" crap="6" count="0"/>
      <line num="58" type="stmt" count="0"/>
      <line num="59" type="stmt" count="0"/>
      <line num="64" type="method" name="CanView" crap="2" count="0"/>
      <line num="66" type="stmt" count="0"/>
      <line num="74" type="method" name="HasError" crap="2" count="0"/>
      <line num="76" type="stmt" count="0"/>
      <line num="79" type="stmt" count="0"/>
      <metrics loc="78" ncloc="35" classes="1" methods="5" coveredmethods="0" conditionals="0" coveredconditionals="0" statements="8" coveredstatements="0" elements="13" coveredelements="0"/>
    </file>
    <file name="Z:\krismvc\framework\lib\controller\KrisRouter.php">
      <class name="KrisRouter" namespace="global" fullPackage="Controller" package="Controller">
        <metrics methods="7" coveredmethods="4" conditionals="0" coveredconditionals="0" statements="78" coveredstatements="28" elements="85" coveredelements="32"/>
      </class>
      <line num="0" type="stmt" count="2"/>
      <line num="72" type="method" name="Route" crap="1" count="2"/>
      <line num="74" type="stmt" count="2"/>
      <line num="75" type="stmt" count="2"/>
      <line num="76" type="stmt" count="2"/>
      <line num="77" type="stmt" count="2"/>
      <line num="82" type="method" name="GetRequestUri" crap="6.47" count="2"/>
      <line num="84" type="stmt" count="2"/>
      <line num="86" type="stmt" count="2"/>
      <line num="87" type="stmt" count="2"/>
      <line num="88" type="stmt" count="2"/>
      <line num="89" type="stmt" count="2"/>
      <line num="90" type="stmt" count="2"/>
      <line num="91" type="stmt" count="0"/>
      <line num="92" type="stmt" count="0"/>
      <line num="93" type="stmt" count="2"/>
      <line num="94" type="stmt" count="2"/>
      <line num="95" type="stmt" count="2"/>
      <line num="97" type="stmt" count="1"/>
      <line num="98" type="stmt" count="1"/>
      <line num="99" type="stmt" count="0"/>
      <line num="100" type="stmt" count="0"/>
      <line num="102" type="stmt" count="2"/>
      <line num="103" type="stmt" count="2"/>
      <line num="111" type="method" name="ReRoute" crap="1" count="1"/>
      <line num="113" type="stmt" count="1"/>
      <line num="114" type="stmt" count="1"/>
      <line num="122" type="method" name="ParseRequest" crap="4.25" count="2"/>
      <line num="124" type="stmt" count="2"/>
      <line num="126" type="stmt" count="2"/>
      <line num="128" type="stmt" count="2"/>
      <line num="129" type="stmt" count="2"/>
      <line num="130" type="stmt" count="2"/>
      <line num="131" type="stmt" count="2"/>
      <line num="132" type="stmt" count="2"/>
      <line num="134" type="stmt" count="0"/>
      <line num="135" type="stmt" count="0"/>
      <line num="136" type="stmt" count="2"/>
      <line num="139" type="stmt" count="0"/>
      <line num="142" type="stmt" count="2"/>
      <line num="153" type="method" name="GetControllerRequest" crap="42" count="0"/>
      <line num="155" type="stmt" count="0"/>
      <line num="157" type="stmt" count="0"/>
      <line num="159" type="stmt" count="0"/>
      <line num="160" type="stmt" count="0"/>
      <line num="161" type="stmt" count="0"/>
      <line num="162" type="stmt" count="0"/>
      <line num="166" type="stmt" count="0"/>
      <line num="169" type="stmt" count="0"/>
      <line num="170" type="stmt" count="0"/>
      <line num="171" type="stmt" count="0"/>
      <line num="172" type="stmt" count="0"/>
      <line num="176" type="stmt" count="0"/>
      <line num="178" type="stmt" count="0"/>
      <line num="179" type="stmt" count="0"/>
      <line num="180" type="stmt" count="0"/>
      <line num="181" type="stmt" count="0"/>
      <line num="185" type="stmt" count="0"/>
      <line num="187" type="stmt" count="0"/>
      <line num="188" type="stmt" count="0"/>
      <line num="189" type="stmt" count="0"/>
      <line num="190" type="stmt" count="0"/>
      <line num="193" type="stmt" count="0"/>
      <line num="199" type="stmt" count="0"/>
      <line num="208" type="method" name="RequestNotFound" crap="42" count="0"/>
      <line num="210" type="stmt" count="0"/>
      <line num="212" type="stmt" count="0"/>
      <line num="213" type="stmt" count="0"/>
      <line num="214" type="stmt" count="0"/>
      <line num="215" type="stmt" count="0"/>
      <line num="216" type="stmt" count="0"/>
      <line num="217" type="stmt" count="0"/>
      <line num="218" type="stmt" count="0"/>
      <line num="222" type="stmt" count="0"/>
      <line num="223" type="stmt" count="0"/>
      <line num="225" type="stmt" count="0"/>
      <line num="229" type="stmt" count="0"/>
      <line num="230" type="stmt" count="0"/>
      <line num="231" type="stmt" count="0"/>
      <line num="232" type="stmt" count="0"/>
      <line num="233" type="stmt" count="0"/>
      <line num="234" type="stmt" count="0"/>
      <line num="235" type="stmt" count="0"/>
      <line num="242" type="method" name="SkipActionForRoute" crap="2" count="0"/>
      <line num="244" type="stmt" count="0"/>
      <line num="245" type="stmt" count="0"/>
      <metrics loc="246" ncloc="158" classes="1" methods="7" coveredmethods="4" conditionals="0" coveredconditionals="0" statements="79" coveredstatements="29" elements="86" coveredelements="33"/>
    </file>
    <file name="Z:\krismvc\framework\lib\controller\Request.php">
      <class name="Request" namespace="global">
        <metrics methods="18" coveredmethods="3" conditionals="0" coveredconditionals="0" statements="165" coveredstatements="14" elements="183" coveredelements="17"/>
      </class>
      <line num="60" type="method" name="__construct" crap="9.00" count="2"/>
      <line num="62" type="stmt" count="2"/>
      <line num="63" type="stmt" count="2"/>
      <line num="64" type="stmt" count="2"/>
      <line num="66" type="stmt" count="2"/>
      <line num="67" type="stmt" count="2"/>
      <line num="68" type="stmt" count="0"/>
      <line num="69" type="stmt" count="0"/>
      <line num="70" type="stmt" count="2"/>
      <line num="71" type="stmt" count="2"/>
      <line num="72" type="stmt" count="0"/>
      <line num="73" type="stmt" count="0"/>
      <line num="75" type="stmt" count="2"/>
      <line num="76" type="stmt" count="2"/>
      <line num="77" type="stmt" count="1"/>
      <line num="78" type="stmt" count="1"/>
      <line num="79" type="stmt" count="2"/>
      <line num="81" type="method" name="ParseQueryVariables" crap="2" count="0"/>
      <line num="83" type="stmt" count="0"/>
      <line num="85" type="stmt" count="0"/>
      <line num="86" type="stmt" count="0"/>
      <line num="89" type="method" name="Params" crap="1" count="2"/>
      <line num="91" type="stmt" count="2"/>
      <line num="94" type="method" name="ParseStr" crap="12" count="0"/>
      <line num="96" type="stmt" count="0"/>
      <line num="98" type="stmt" count="0"/>
      <line num="99" type="stmt" count="0"/>
      <line num="100" type="stmt" count="0"/>
      <line num="101" type="stmt" count="0"/>
      <line num="103" type="stmt" count="0"/>
      <line num="104" type="stmt" count="0"/>
      <line num="105" type="stmt" count="0"/>
      <line num="106" type="stmt" count="0"/>
      <line num="107" type="stmt" count="0"/>
      <line num="113" type="method" name="Controller" crap="2" count="0"/>
      <line num="115" type="stmt" count="0"/>
      <line num="121" type="method" name="Action" crap="1" count="2"/>
      <line num="123" type="stmt" count="2"/>
      <line num="130" type="method" name="Param" crap="2" count="0"/>
      <line num="132" type="stmt" count="0"/>
      <line num="139" type="method" name="__get" crap="2" count="0"/>
      <line num="141" type="stmt" count="0"/>
      <line num="149" type="method" name="PostVar" crap="12" count="0"/>
      <line num="151" type="stmt" count="0"/>
      <line num="152" type="stmt" count="0"/>
      <line num="153" type="stmt" count="0"/>
      <line num="155" type="stmt" count="0"/>
      <line num="163" type="method" name="GetVar" crap="12" count="0"/>
      <line num="165" type="stmt" count="0"/>
      <line num="166" type="stmt" count="0"/>
      <line num="167" type="stmt" count="0"/>
      <line num="169" type="stmt" count="0"/>
      <line num="176" type="method" name="HasGet" crap="2" count="0"/>
      <line num="178" type="stmt" count="0"/>
      <line num="186" type="method" name="IsPosted" crap="2" count="0"/>
      <line num="188" type="stmt" count="0"/>
      <line num="196" type="method" name="SetPostVar" crap="2" count="0"/>
      <line num="198" type="stmt" count="0"/>
      <line num="199" type="stmt" count="0"/>
      <line num="207" type="method" name="SetError" crap="1122" count="0"/>
      <line num="212" type="stmt" count="0"/>
      <line num="213" type="stmt" count="0"/>
      <line num="214" type="stmt" count="0"/>
      <line num="215" type="stmt" count="0"/>
      <line num="216" type="stmt" count="0"/>
      <line num="217" type="stmt" count="0"/>
      <line num="218" type="stmt" count="0"/>
      <line num="219" type="stmt" count="0"/>
      <line num="220" type="stmt" count="0"/>
      <line num="222" type="stmt" count="0"/>
      <line num="223" type="stmt" count="0"/>
      <line num="224" type="stmt" count="0"/>
      <line num="225" type="stmt" count="0"/>
      <line num="226" type="stmt" count="0"/>
      <line num="227" type="stmt" count="0"/>
      <line num="228" type="stmt" count="0"/>
      <line num="229" type="stmt" count="0"/>
      <line num="230" type="stmt" count="0"/>
      <line num="231" type="stmt" count="0"/>
      <line num="232" type="stmt" count="0"/>
      <line num="233" type="stmt" count="0"/>
      <line num="234" type="stmt" count="0"/>
      <line num="235" type="stmt" count="0"/>
      <line num="236" type="stmt" count="0"/>
      <line num="237" type="stmt" count="0"/>
      <line num="238" type="stmt" count="0"/>
      <line num="239" type="stmt" count="0"/>
      <line num="241" type="stmt" count="0"/>
      <line num="242" type="stmt" count="0"/>
      <line num="243" type="stmt" count="0"/>
      <line num="244" type="stmt" count="0"/>
      <line num="245" type="stmt" count="0"/>
      <line num="246" type="stmt" count="0"/>
      <line num="247" type="stmt" count="0"/>
      <line num="248" type="stmt" count="0"/>
      <line num="249" type="stmt" count="0"/>
      <line num="250" type="stmt" count="0"/>
      <line num="251" type="stmt" count="0"/>
      <line num="252" type="stmt" count="0"/>
      <line num="254" type="stmt" count="0"/>
      <line num="255" type="stmt" count="0"/>
      <line num="256" type="stmt" count="0"/>
      <line num="257" type="stmt" count="0"/>
      <line num="258" type="stmt" count="0"/>
      <line num="259" type="stmt" count="0"/>
      <line num="260" type="stmt" count="0"/>
      <line num="261" type="stmt" count="0"/>
      <line num="262" type="stmt" count="0"/>
      <line num="263" type="stmt" count="0"/>
      <line num="264" type="stmt" count="0"/>
      <line num="265" type="stmt" count="0"/>
      <line num="266" type="stmt" count="0"/>
      <line num="267" type="stmt" count="0"/>
      <line num="268" type="stmt" count="0"/>
      <line num="269" type="stmt" count="0"/>
      <line num="270" type="stmt" count="0"/>
      <line num="271" type="stmt" count="0"/>
      <line num="272" type="stmt" count="0"/>
      <line num="273" type="stmt" count="0"/>
      <line num="274" type="stmt" count="0"/>
      <line num="275" type="stmt" count="0"/>
      <line num="276" type="stmt" count="0"/>
      <line num="277" type="stmt" count="0"/>
      <line num="278" type="stmt" count="0"/>
      <line num="279" type="stmt" count="0"/>
      <line num="280" type="stmt" count="0"/>
      <line num="281" type="stmt" count="0"/>
      <line num="282" type="stmt" count="0"/>
      <line num="283" type="stmt" count="0"/>
      <line num="284" type="stmt" count="0"/>
      <line num="285" type="stmt" count="0"/>
      <line num="286" type="stmt" count="0"/>
      <line num="287" type="stmt" count="0"/>
      <line num="288" type="stmt" count="0"/>
      <line num="289" type="stmt" count="0"/>
      <line num="290" type="stmt" count="0"/>
      <line num="291" type="stmt" count="0"/>
      <line num="292" type="stmt" count="0"/>
      <line num="293" type="stmt" count="0"/>
      <line num="294" type="stmt" count="0"/>
      <line num="295" type="stmt" count="0"/>
      <line num="297" type="stmt" count="0"/>
      <line num="298" type="stmt" count="0"/>
      <line num="299" type="stmt" count="0"/>
      <line num="300" type="stmt" count="0"/>
      <line num="301" type="stmt" count="0"/>
      <line num="302" type="stmt" count="0"/>
      <line num="303" type="stmt" count="0"/>
      <line num="304" type="stmt" count="0"/>
      <line num="305" type="stmt" count="0"/>
      <line num="306" type="stmt" count="0"/>
      <line num="307" type="stmt" count="0"/>
      <line num="308" type="stmt" count="0"/>
      <line num="309" type="stmt" count="0"/>
      <line num="310" type="stmt" count="0"/>
      <line num="311" type="stmt" count="0"/>
      <line num="312" type="stmt" count="0"/>
      <line num="313" type="stmt" count="0"/>
      <line num="314" type="stmt" count="0"/>
      <line num="316" type="stmt" count="0"/>
      <line num="318" type="stmt" count="0"/>
      <line num="320" type="stmt" count="0"/>
      <line num="326" type="method" name="SetContentType" crap="6" count="0"/>
      <line num="328" type="stmt" count="0"/>
      <line num="329" type="stmt" count="0"/>
      <line num="330" type="stmt" count="0"/>
      <line num="331" type="stmt" count="0"/>
      <line num="332" type="stmt" count="0"/>
      <line num="333" type="stmt" count="0"/>
      <line num="339" type="method" name="SetContentDisposition" crap="2" count="0"/>
      <line num="341" type="stmt" count="0"/>
      <line num="342" type="stmt" count="0"/>
      <line num="347" type="method" name="Route" crap="6" count="0"/>
      <line num="349" type="stmt" count="0"/>
      <line num="352" type="method" name="JsonResponse" crap="6" count="0"/>
      <line num="354" type="stmt" count="0"/>
      <line num="355" type="stmt" count="0"/>
      <line num="356" type="stmt" count="0"/>
      <line num="357" type="stmt" count="0"/>
      <line num="358" type="stmt" count="0"/>
      <line num="359" type="stmt" count="0"/>
      <line num="360" type="stmt" count="0"/>
      <line num="362" type="stmt" count="0"/>
      <metrics loc="365" ncloc="267" classes="1" methods="18" coveredmethods="3" conditionals="0" coveredconditionals="0" statements="165" coveredstatements="14" elements="183" coveredelements="17"/>
    </file>
    <file name="Z:\krismvc\framework\lib\controller\RouteRequest.php">
      <class name="RouteRequest" namespace="global">
        <metrics methods="4" coveredmethods="4" conditionals="0" coveredconditionals="0" statements="34" coveredstatements="30" elements="38" coveredelements="34"/>
      </class>
      <line num="25" type="method" name="__construct" crap="2" count="2"/>
      <line num="27" type="stmt" count="2"/>
      <line num="28" type="stmt" count="2"/>
      <line num="29" type="stmt" count="2"/>
      <line num="30" type="stmt" count="2"/>
      <line num="37" type="method" name="ParseHttpRequest" crap="9.49" count="2"/>
      <line num="39" type="stmt" count="2"/>
      <line num="41" type="stmt" count="2"/>
      <line num="43" type="stmt" count="2"/>
      <line num="45" type="stmt" count="2"/>
      <line num="46" type="stmt" count="2"/>
      <line num="47" type="stmt" count="2"/>
      <line num="48" type="stmt" count="2"/>
      <line num="49" type="stmt" count="2"/>
      <line num="50" type="stmt" count="2"/>
      <line num="51" type="stmt" count="2"/>
      <line num="52" type="stmt" count="2"/>
      <line num="53" type="stmt" count="2"/>
      <line num="54" type="stmt" count="2"/>
      <line num="55" type="stmt" count="2"/>
      <line num="56" type="stmt" count="2"/>
      <line num="58" type="stmt" count="2"/>
      <line num="59" type="stmt" count="2"/>
      <line num="60" type="stmt" count="0"/>
      <line num="62" type="stmt" count="0"/>
      <line num="63" type="stmt" count="0"/>
      <line num="65" type="stmt" count="0"/>
      <line num="67" type="stmt" count="2"/>
      <line num="82" type="method" name="CreateFromUri" crap="1" count="2"/>
      <line num="85" type="stmt" count="2"/>
      <line num="86" type="stmt" count="2"/>
      <line num="87" type="stmt" count="2"/>
      <line num="88" type="stmt" count="2"/>
      <line num="89" type="stmt" count="2"/>
      <line num="90" type="stmt" count="2"/>
      <line num="97" type="method" name="SkipActionRoutes" crap="1" count="2"/>
      <line num="99" type="stmt" count="2"/>
      <line num="100" type="stmt" count="2"/>
      <metrics loc="101" ncloc="64" classes="1" methods="4" coveredmethods="4" conditionals="0" coveredconditionals="0" statements="34" coveredstatements="30" elements="38" coveredelements="34"/>
    </file>
    <file name="Z:\krismvc\framework\lib\debug\DebugLog.php">
      <class name="DebugLog" namespace="global">
        <metrics methods="6" coveredmethods="0" conditionals="0" coveredconditionals="0" statements="10" coveredstatements="0" elements="16" coveredelements="0"/>
      </class>
      <line num="4" type="stmt" count="0"/>
      <line num="7" type="method" name="Debug" crap="2" count="0"/>
      <line num="9" type="stmt" count="0"/>
      <line num="10" type="stmt" count="0"/>
      <line num="11" type="method" name="Warning" crap="2" count="0"/>
      <line num="13" type="stmt" count="0"/>
      <line num="14" type="stmt" count="0"/>
      <line num="16" type="method" name="Error" crap="2" count="0"/>
      <line num="18" type="stmt" count="0"/>
      <line num="19" type="stmt" count="0"/>
      <line num="21" type="method" name="Fatal" crap="2" count="0"/>
      <line num="23" type="stmt" count="0"/>
      <line num="24" type="stmt" count="0"/>
      <line num="27" type="method" name="AddToErrorLog" crap="2" count="0"/>
      <line num="29" type="stmt" count="0"/>
      <line num="32" type="method" name="GetErrorLog" crap="2" count="0"/>
      <line num="34" type="stmt" count="0"/>
      <line num="39" type="stmt" count="0"/>
      <metrics loc="38" ncloc="38" classes="1" methods="6" coveredmethods="0" conditionals="0" coveredconditionals="0" statements="12" coveredstatements="0" elements="18" coveredelements="0"/>
    </file>
    <file name="Z:\krismvc\framework\lib\debug\DebugPDO.php">
      <class name="DebugPDO" namespace="global">
        <metrics methods="15" coveredmethods="0" conditionals="0" coveredconditionals="0" statements="30" coveredstatements="0" elements="45" coveredelements="0"/>
      </class>
      <class name="DebugPDOStatement" namespace="global">
        <metrics methods="19" coveredmethods="0" conditionals="0" coveredconditionals="0" statements="58" coveredstatements="0" elements="77" coveredelements="0"/>
      </class>
      <line num="12" type="stmt" count="0"/>
      <line num="25" type="method" name="__construct" crap="2" count="0"/>
      <line num="27" type="stmt" count="0"/>
      <line num="28" type="stmt" count="0"/>
      <line num="35" type="method" name="prepare" crap="2" count="0"/>
      <line num="37" type="stmt" count="0"/>
      <line num="38" type="stmt" count="0"/>
      <line num="39" type="stmt" count="0"/>
      <line num="41" type="stmt" count="0"/>
      <line num="43" type="stmt" count="0"/>
      <line num="50" type="method" name="beginTransaction" crap="2" count="0"/>
      <line num="52" type="stmt" count="0"/>
      <line num="58" type="method" name="commit" crap="2" count="0"/>
      <line num="60" type="stmt" count="0"/>
      <line num="66" type="method" name="rollBack" crap="2" count="0"/>
      <line num="68" type="stmt" count="0"/>
      <line num="76" type="method" name="setAttribute" crap="2" count="0"/>
      <line num="78" type="stmt" count="0"/>
      <line num="85" type="method" name="exec" crap="2" count="0"/>
      <line num="87" type="stmt" count="0"/>
      <line num="88" type="stmt" count="0"/>
      <line num="89" type="stmt" count="0"/>
      <line num="91" type="stmt" count="0"/>
      <line num="93" type="stmt" count="0"/>
      <line num="100" type="method" name="query" crap="2" count="0"/>
      <line num="102" type="stmt" count="0"/>
      <line num="104" type="stmt" count="0"/>
      <line num="105" type="stmt" count="0"/>
      <line num="107" type="stmt" count="0"/>
      <line num="109" type="stmt" count="0"/>
      <line num="116" type="method" name="lastInsertId" crap="2" count="0"/>
      <line num="118" type="stmt" count="0"/>
      <line num="124" type="method" name="errorCode" crap="2" count="0"/>
      <line num="126" type="stmt" count="0"/>
      <line num="132" type="method" name="errorInfo" crap="2" count="0"/>
      <line num="134" type="stmt" count="0"/>
      <line num="141" type="method" name="getAttribute" crap="2" count="0"/>
      <line num="143" type="stmt" count="0"/>
      <line num="151" type="method" name="quote" crap="2" count="0"/>
      <line num="153" type="stmt" count="0"/>
      <line num="162" type="method" name="AddLog" crap="2" count="0"/>
      <line num="164" type="stmt" count="0"/>
      <line num="165" type="stmt" count="0"/>
      <line num="171" type="method" name="AddToLog" crap="2" count="0"/>
      <line num="173" type="stmt" count="0"/>
      <line num="174" type="stmt" count="0"/>
      <line num="181" type="stmt" count="0"/>
      <line num="200" type="method" name="__construct" crap="2" count="0"/>
      <line num="202" type="stmt" count="0"/>
      <line num="203" type="stmt" count="0"/>
      <line num="204" type="stmt" count="0"/>
      <line num="205" type="stmt" count="0"/>
      <line num="211" type="method" name="execute" crap="2" count="0"/>
      <line num="213" type="stmt" count="0"/>
      <line num="214" type="stmt" count="0"/>
      <line num="215" type="stmt" count="0"/>
      <line num="217" type="stmt" count="0"/>
      <line num="219" type="stmt" count="0"/>
      <line num="228" type="method" name="fetch" crap="2" count="0"/>
      <line num="230" type="stmt" count="0"/>
      <line num="231" type="stmt" count="0"/>
      <line num="232" type="stmt" count="0"/>
      <line num="234" type="stmt" count="0"/>
      <line num="236" type="stmt" count="0"/>
      <line num="247" type="method" name="bindParam" crap="2" count="0"/>
      <line num="249" type="stmt" count="0"/>
      <line num="250" type="stmt" count="0"/>
      <line num="251" type="stmt" count="0"/>
      <line num="253" type="stmt" count="0"/>
      <line num="255" type="stmt" count="0"/>
      <line num="266" type="method" name="bindColumn" crap="2" count="0"/>
      <line num="268" type="stmt" count="0"/>
      <line num="269" type="stmt" count="0"/>
      <line num="270" type="stmt" count="0"/>
      <line num="272" type="stmt" count="0"/>
      <line num="274" type="stmt" count="0"/>
      <line num="283" type="method" name="bindValue" crap="2" count="0"/>
      <line num="285" type="stmt" count="0"/>
      <line num="286" type="stmt" count="0"/>
      <line num="287" type="stmt" count="0"/>
      <line num="289" type="stmt" count="0"/>
      <line num="291" type="stmt" count="0"/>
      <line num="297" type="method" name="rowCount" crap="2" count="0"/>
      <line num="299" type="stmt" count="0"/>
      <line num="300" type="stmt" count="0"/>
      <line num="301" type="stmt" count="0"/>
      <line num="303" type="stmt" count="0"/>
      <line num="305" type="stmt" count="0"/>
      <line num="313" type="method" name="fetchColumn" crap="2" count="0"/>
      <line num="315" type="stmt" count="0"/>
      <line num="322" type="method" name="fetchAll" crap="2" count="0"/>
      <line num="324" type="stmt" count="0"/>
      <line num="325" type="stmt" count="0"/>
      <line num="326" type="stmt" count="0"/>
      <line num="328" type="stmt" count="0"/>
      <line num="330" type="stmt" count="0"/>
      <line num="339" type="method" name="fetchObject" crap="2" count="0"/>
      <line num="341" type="stmt" count="0"/>
      <line num="342" type="stmt" count="0"/>
      <line num="343" type="stmt" count="0"/>
      <line num="345" type="stmt" count="0"/>
      <line num="347" type="stmt" count="0"/>
      <line num="353" type="method" name="errorCode" crap="2" count="0"/>
      <line num="355" type="stmt" count="0"/>
      <line num="361" type="method" name="errorInfo" crap="2" count="0"/>
      <line num="363" type="stmt" count="0"/>
      <line num="371" type="method" name="setAttribute" crap="2" count="0"/>
      <line num="373" type="stmt" count="0"/>
      <line num="381" type="method" name="getAttribute" crap="2" count="0"/>
      <line num="383" type="stmt" count="0"/>
      <line num="389" type="method" name="columnCount" crap="2" count="0"/>
      <line num="391" type="stmt" count="0"/>
      <line num="398" type="method" name="getColumnMeta" crap="2" count="0"/>
      <line num="400" type="stmt" count="0"/>
      <line num="407" type="method" name="setFetchMode" crap="2" count="0"/>
      <line num="409" type="stmt" count="0"/>
      <line num="415" type="method" name="nextRowset" crap="2" count="0"/>
      <line num="417" type="stmt" count="0"/>
      <line num="418" type="stmt" count="0"/>
      <line num="419" type="stmt" count="0"/>
      <line num="421" type="stmt" count="0"/>
      <line num="423" type="stmt" count="0"/>
      <line num="429" type="method" name="closeCursor" crap="2" count="0"/>
      <line num="431" type="stmt" count="0"/>
      <line num="433" type="stmt" count="0"/>
      <metrics loc="432" ncloc="264" classes="2" methods="34" coveredmethods="0" conditionals="0" coveredconditionals="0" statements="91" coveredstatements="0" elements="125" coveredelements="0"/>
    </file>
    <file name="Z:\krismvc\framework\lib\debug\DebugRouter.php">
      <class name="DebugRouter" namespace="global">
        <metrics methods="4" coveredmethods="0" conditionals="0" coveredconditionals="0" statements="87" coveredstatements="0" elements="91" coveredelements="0"/>
      </class>
      <line num="11" type="stmt" count="0"/>
      <line num="15" type="method" name="Route" crap="90" count="0"/>
      <line num="18" type="stmt" count="0"/>
      <line num="20" type="stmt" count="0"/>
      <line num="22" type="stmt" count="0"/>
      <line num="23" type="stmt" count="0"/>
      <line num="24" type="stmt" count="0"/>
      <line num="25" type="stmt" count="0"/>
      <line num="29" type="stmt" count="0"/>
      <line num="30" type="stmt" count="0"/>
      <line num="32" type="stmt" count="0"/>
      <line num="33" type="stmt" count="0"/>
      <line num="36" type="stmt" count="0"/>
      <line num="38" type="stmt" count="0"/>
      <line num="40" type="stmt" count="0"/>
      <line num="41" type="stmt" count="0"/>
      <line num="42" type="stmt" count="0"/>
      <line num="44" type="stmt" count="0"/>
      <line num="45" type="stmt" count="0"/>
      <line num="46" type="stmt" count="0"/>
      <line num="47" type="stmt" count="0"/>
      <line num="48" type="stmt" count="0"/>
      <line num="50" type="stmt" count="0"/>
      <line num="51" type="stmt" count="0"/>
      <line num="53" type="stmt" count="0"/>
      <line num="54" type="stmt" count="0"/>
      <line num="55" type="stmt" count="0"/>
      <line num="56" type="stmt" count="0"/>
      <line num="57" type="stmt" count="0"/>
      <line num="58" type="stmt" count="0"/>
      <line num="59" type="stmt" count="0"/>
      <line num="62" type="stmt" count="0"/>
      <line num="64" type="stmt" count="0"/>
      <line num="67" type="stmt" count="0"/>
      <line num="71" type="stmt" count="0"/>
      <line num="78" type="method" name="GetWebBar" crap="20" count="0"/>
      <line num="80" type="stmt" count="0"/>
      <line num="81" type="stmt" count="0"/>
      <line num="84" type="stmt" count="0"/>
      <line num="86" type="stmt" count="0"/>
      <line num="87" type="stmt" count="0"/>
      <line num="88" type="stmt" count="0"/>
      <line num="89" type="stmt" count="0"/>
      <line num="90" type="stmt" count="0"/>
      <line num="92" type="stmt" count="0"/>
      <line num="93" type="stmt" count="0"/>
      <line num="94" type="stmt" count="0"/>
      <line num="95" type="stmt" count="0"/>
      <line num="96" type="stmt" count="0"/>
      <line num="97" type="stmt" count="0"/>
      <line num="98" type="stmt" count="0"/>
      <line num="101" type="stmt" count="0"/>
      <line num="102" type="stmt" count="0"/>
      <line num="103" type="stmt" count="0"/>
      <line num="104" type="stmt" count="0"/>
      <line num="106" type="stmt" count="0"/>
      <line num="107" type="stmt" count="0"/>
      <line num="108" type="stmt" count="0"/>
      <line num="111" type="stmt" count="0"/>
      <line num="112" type="stmt" count="0"/>
      <line num="113" type="stmt" count="0"/>
      <line num="115" type="stmt" count="0"/>
      <line num="117" type="stmt" count="0"/>
      <line num="120" type="stmt" count="0"/>
      <line num="121" type="stmt" count="0"/>
      <line num="122" type="stmt" count="0"/>
      <line num="123" type="stmt" count="0"/>
      <line num="124" type="stmt" count="0"/>
      <line num="125" type="stmt" count="0"/>
      <line num="126" type="stmt" count="0"/>
      <line num="127" type="stmt" count="0"/>
      <line num="128" type="stmt" count="0"/>
      <line num="129" type="stmt" count="0"/>
      <line num="130" type="stmt" count="0"/>
      <line num="131" type="stmt" count="0"/>
      <line num="133" type="stmt" count="0"/>
      <line num="136" type="method" name="CleanJSVar" crap="2" count="0"/>
      <line num="138" type="stmt" count="0"/>
      <line num="145" type="method" name="EmitDebugAssets" crap="12" count="0"/>
      <line num="149" type="stmt" count="0"/>
      <line num="150" type="stmt" count="0"/>
      <line num="151" type="stmt" count="0"/>
      <line num="152" type="stmt" count="0"/>
      <line num="153" type="stmt" count="0"/>
      <line num="154" type="stmt" count="0"/>
      <line num="155" type="stmt" count="0"/>
      <line num="156" type="stmt" count="0"/>
      <line num="157" type="stmt" count="0"/>
      <line num="158" type="stmt" count="0"/>
      <line num="159" type="stmt" count="0"/>
      <line num="161" type="stmt" count="0"/>
      <line num="162" type="stmt" count="0"/>
      <line num="166" type="stmt" count="0"/>
      <metrics loc="165" ncloc="137" classes="1" methods="4" coveredmethods="0" conditionals="0" coveredconditionals="0" statements="89" coveredstatements="0" elements="93" coveredelements="0"/>
    </file>
    <file name="Z:\krismvc\framework\lib\helpers\FileHelpers.php">
      <class name="FileHelpers" namespace="global">
        <metrics methods="2" coveredmethods="0" conditionals="0" coveredconditionals="0" statements="9" coveredstatements="0" elements="11" coveredelements="0"/>
      </class>
      <line num="15" type="stmt" count="0"/>
      <line num="23" type="method" name="EnsureDirectoryExists" crap="6" count="0"/>
      <line num="25" type="stmt" count="0"/>
      <line num="26" type="stmt" count="0"/>
      <line num="27" type="stmt" count="0"/>
      <line num="29" type="stmt" count="0"/>
      <line num="32" type="method" name="BuildPath" crap="12" count="0"/>
      <line num="34" type="stmt" count="0"/>
      <line num="35" type="stmt" count="0"/>
      <line num="36" type="stmt" count="0"/>
      <line num="37" type="stmt" count="0"/>
      <line num="38" type="stmt" count="0"/>
      <line num="42" type="stmt" count="0"/>
      <metrics loc="41" ncloc="23" classes="1" methods="2" coveredmethods="0" conditionals="0" coveredconditionals="0" statements="11" coveredstatements="0" elements="13" coveredelements="0"/>
    </file>
    <file name="Z:\krismvc\framework\lib\helpers\HtmlHelpers.php">
      <class name="HtmlHelpers" namespace="global">
        <metrics methods="9" coveredmethods="3" conditionals="0" coveredconditionals="0" statements="57" coveredstatements="39" elements="66" coveredelements="42"/>
      </class>
      <line num="26" type="method" name="CreateButton" crap="4" count="1"/>
      <line num="28" type="stmt" count="1"/>
      <line num="29" type="stmt" count="1"/>
      <line num="30" type="stmt" count="1"/>
      <line num="31" type="stmt" count="1"/>
      <line num="32" type="stmt" count="1"/>
      <line num="33" type="stmt" count="1"/>
      <line num="34" type="stmt" count="1"/>
      <line num="35" type="stmt" count="1"/>
      <line num="36" type="stmt" count="1"/>
      <line num="37" type="stmt" count="1"/>
      <line num="38" type="stmt" count="1"/>
      <line num="39" type="stmt" count="1"/>
      <line num="41" type="stmt" count="1"/>
      <line num="52" type="method" name="CreateUnorderedListItem" crap="4" count="1"/>
      <line num="54" type="stmt" count="1"/>
      <line num="55" type="stmt" count="1"/>
      <line num="56" type="stmt" count="1"/>
      <line num="57" type="stmt" count="1"/>
      <line num="58" type="stmt" count="1"/>
      <line num="59" type="stmt" count="1"/>
      <line num="60" type="stmt" count="1"/>
      <line num="61" type="stmt" count="1"/>
      <line num="62" type="stmt" count="1"/>
      <line num="63" type="stmt" count="1"/>
      <line num="64" type="stmt" count="1"/>
      <line num="65" type="stmt" count="1"/>
      <line num="66" type="stmt" count="1"/>
      <line num="78" type="method" name="CreateLink" crap="4" count="1"/>
      <line num="80" type="stmt" count="1"/>
      <line num="81" type="stmt" count="1"/>
      <line num="82" type="stmt" count="1"/>
      <line num="83" type="stmt" count="1"/>
      <line num="84" type="stmt" count="1"/>
      <line num="85" type="stmt" count="1"/>
      <line num="86" type="stmt" count="1"/>
      <line num="87" type="stmt" count="1"/>
      <line num="88" type="stmt" count="1"/>
      <line num="89" type="stmt" count="1"/>
      <line num="90" type="stmt" count="1"/>
      <line num="91" type="stmt" count="1"/>
      <line num="92" type="stmt" count="1"/>
      <line num="105" type="method" name="CreateSelect" crap="30" count="0"/>
      <line num="107" type="stmt" count="0"/>
      <line num="108" type="stmt" count="0"/>
      <line num="109" type="stmt" count="0"/>
      <line num="110" type="stmt" count="0"/>
      <line num="112" type="stmt" count="0"/>
      <line num="113" type="stmt" count="0"/>
      <line num="114" type="stmt" count="0"/>
      <line num="115" type="stmt" count="0"/>
      <line num="128" type="method" name="CreateInput" crap="6" count="0"/>
      <line num="130" type="stmt" count="0"/>
      <line num="131" type="stmt" count="0"/>
      <line num="143" type="method" name="CreateTextarea" crap="12" count="0"/>
      <line num="145" type="stmt" count="0"/>
      <line num="146" type="stmt" count="0"/>
      <line num="147" type="stmt" count="0"/>
      <line num="156" type="method" name="CreateScript" crap="6" count="0"/>
      <line num="158" type="stmt" count="0"/>
      <line num="169" type="method" name="CreateImage" crap="12" count="0"/>
      <line num="171" type="stmt" count="0"/>
      <line num="182" type="method" name="CreateFileInput" crap="12" count="0"/>
      <line num="184" type="stmt" count="0"/>
      <line num="185" type="stmt" count="0"/>
      <line num="186" type="stmt" count="0"/>
      <metrics loc="188" ncloc="101" classes="1" methods="9" coveredmethods="3" conditionals="0" coveredconditionals="0" statements="57" coveredstatements="39" elements="66" coveredelements="42"/>
    </file>
    <file name="Z:\krismvc\framework\lib\helpers\ImageResizer.php">
      <class name="ImageResizer" namespace="global">
        <metrics methods="4" coveredmethods="0" conditionals="0" coveredconditionals="0" statements="43" coveredstatements="0" elements="47" coveredelements="0"/>
      </class>
      <line num="15" type="stmt" count="0"/>
      <line num="29" type="method" name="__construct" crap="20" count="0"/>
      <line num="32" type="stmt" count="0"/>
      <line num="33" type="stmt" count="0"/>
      <line num="34" type="stmt" count="0"/>
      <line num="35" type="stmt" count="0"/>
      <line num="37" type="stmt" count="0"/>
      <line num="38" type="stmt" count="0"/>
      <line num="39" type="stmt" count="0"/>
      <line num="42" type="stmt" count="0"/>
      <line num="43" type="stmt" count="0"/>
      <line num="44" type="stmt" count="0"/>
      <line num="47" type="stmt" count="0"/>
      <line num="48" type="stmt" count="0"/>
      <line num="51" type="stmt" count="0"/>
      <line num="53" type="stmt" count="0"/>
      <line num="61" type="method" name="save" crap="30" count="0"/>
      <line num="63" type="stmt" count="0"/>
      <line num="64" type="stmt" count="0"/>
      <line num="65" type="stmt" count="0"/>
      <line num="66" type="stmt" count="0"/>
      <line num="68" type="stmt" count="0"/>
      <line num="69" type="stmt" count="0"/>
      <line num="70" type="stmt" count="0"/>
      <line num="72" type="stmt" count="0"/>
      <line num="74" type="stmt" count="0"/>
      <line num="76" type="stmt" count="0"/>
      <line num="79" type="stmt" count="0"/>
      <line num="83" type="stmt" count="0"/>
      <line num="95" type="method" name="resizeToOptimal" crap="12" count="0"/>
      <line num="97" type="stmt" count="0"/>
      <line num="98" type="stmt" count="0"/>
      <line num="100" type="stmt" count="0"/>
      <line num="101" type="stmt" count="0"/>
      <line num="102" type="stmt" count="0"/>
      <line num="103" type="stmt" count="0"/>
      <line num="105" type="stmt" count="0"/>
      <line num="108" type="stmt" count="0"/>
      <line num="109" type="stmt" count="0"/>
      <line num="113" type="stmt" count="0"/>
      <line num="114" type="stmt" count="0"/>
      <line num="115" type="stmt" count="0"/>
      <line num="117" type="stmt" count="0"/>
      <line num="128" type="method" name="cropImage" crap="2" count="0"/>
      <line num="130" type="stmt" count="0"/>
      <line num="131" type="stmt" count="0"/>
      <line num="132" type="stmt" count="0"/>
      <line num="133" type="stmt" count="0"/>
      <line num="137" type="stmt" count="0"/>
      <metrics loc="136" ncloc="94" classes="1" methods="4" coveredmethods="0" conditionals="0" coveredconditionals="0" statements="45" coveredstatements="0" elements="49" coveredelements="0"/>
    </file>
    <file name="Z:\krismvc\framework\lib\helpers\NumberHelpers.php">
      <class name="NumberHelpers" namespace="global">
        <metrics methods="1" coveredmethods="0" conditionals="0" coveredconditionals="0" statements="10" coveredstatements="0" elements="11" coveredelements="0"/>
      </class>
      <line num="15" type="stmt" count="0"/>
      <line num="21" type="method" name="BytesToHuman" crap="20" count="0"/>
      <line num="23" type="stmt" count="0"/>
      <line num="24" type="stmt" count="0"/>
      <line num="25" type="stmt" count="0"/>
      <line num="27" type="stmt" count="0"/>
      <line num="28" type="stmt" count="0"/>
      <line num="29" type="stmt" count="0"/>
      <line num="31" type="stmt" count="0"/>
      <line num="32" type="stmt" count="0"/>
      <line num="33" type="stmt" count="0"/>
      <line num="37" type="stmt" count="0"/>
      <line num="43" type="stmt" count="0"/>
[...]
      <line num="121" type="stmt" count="1"/>
      <line num="122" type="stmt" count="1"/>
      <line num="123" type="stmt" count="1"/>
      <line num="130" type="method" name="dump" crap="6" count="0"/>
      <line num="132" type="stmt" count="0"/>
      <line num="133" type="stmt" count="0"/>
      <line num="134" type="stmt" count="0"/>
      <line num="135" type="stmt" count="0"/>
      <line num="136" type="stmt" count="0"/>
      <line num="138" type="stmt" count="0"/>
      <line num="139" type="stmt" count="0"/>
      <line num="145" type="method" name="contents" crap="2" count="0"/>
      <line num="147" type="stmt" count="0"/>
      <metrics loc="152" ncloc="91" classes="1" methods="9" coveredmethods="3" conditionals="0" coveredconditionals="0" statements="40" coveredstatements="12" elements="49" coveredelements="15"/>
    </file>
    <file name="Z:\krismvc\framework\lib\view\Mustache.php">
      <class name="Mustache" namespace="global">
        <metrics methods="29" coveredmethods="24" conditionals="0" coveredconditionals="0" statements="304" coveredstatements="235" elements="333" coveredelements="259"/>
      </class>
      <class name="MustacheException" namespace="global">
        <metrics methods="0" coveredmethods="0" conditionals="0" coveredconditionals="0" statements="0" coveredstatements="0" elements="0" coveredelements="0"/>
      </class>
      <line num="0" type="stmt" count="3"/>
      <line num="105" type="method" name="__construct" crap="5" count="25"/>
      <line num="106" type="stmt" count="25"/>
      <line num="107" type="stmt" count="25"/>
      <line num="108" type="stmt" count="25"/>
      <line num="109" type="stmt" count="25"/>
      <line num="110" type="stmt" count="24"/>
      <line num="119" type="method" name="_setOptions" crap="7" count="4"/>
      <line num="120" type="stmt" count="4"/>
      <line num="121" type="stmt" count="2"/>
      <line num="122" type="stmt" count="2"/>
      <line num="124" type="stmt" count="4"/>
      <line num="125" type="stmt" count="2"/>
      <line num="126" type="stmt" count="2"/>
      <line num="127" type="stmt" count="1"/>
      <line num="128" type="stmt" count="1"/>
      <line num="129" type="stmt" count="2"/>
      <line num="130" type="stmt" count="2"/>
      <line num="131" type="stmt" count="2"/>
      <line num="133" type="stmt" count="4"/>
      <line num="134" type="stmt" count="3"/>
      <line num="135" type="stmt" count="3"/>
      <line num="136" type="stmt" count="1"/>
      <line num="138" type="stmt" count="2"/>
      <line num="139" type="stmt" count="2"/>
      <line num="140" type="stmt" count="2"/>
      <line num="141" type="stmt" count="3"/>
      <line num="152" type="method" name="__clone" crap="3.07" count="1"/>
      <line num="153" type="stmt" count="1"/>
      <line num="154" type="stmt" count="1"/>
      <line num="155" type="stmt" count="1"/>
      <line num="157" type="stmt" count="1"/>
      <line num="158" type="stmt" count="1"/>
      <line num="159" type="stmt" count="1"/>
      <line num="160" type="stmt" count="0"/>
      <line num="161" type="stmt" count="0"/>
      <line num="162" type="stmt" count="1"/>
      <line num="163" type="stmt" count="1"/>
      <line num="177" type="method" name="render" crap="5" count="20"/>
      <line num="178" type="stmt" count="20"/>
      <line num="179" type="stmt" count="20"/>
      <line num="181" type="stmt" count="20"/>
      <line num="182" type="stmt" count="20"/>
      <line num="184" type="stmt" count="20"/>
      <line num="185" type="stmt" count="3"/>
      <line num="186" type="stmt" count="20"/>
      <line num="187" type="stmt" count="9"/>
      <line num="188" type="stmt" count="9"/>
      <line num="190" type="stmt" count="20"/>
      <line num="191" type="stmt" count="20"/>
      <line num="193" type="stmt" count="15"/>
      <line num="194" type="stmt" count="15"/>
      <line num="196" type="stmt" count="15"/>
      <line num="205" type="method" name="__toString" crap="2" count="2"/>
      <line num="209" type="stmt" count="2"/>
      <line num="210" type="stmt" count="1"/>
      <line num="211" type="stmt" count="1"/>
      <line num="212" type="stmt" count="1"/>
      <line num="223" type="method" name="_renderTemplate" crap="10" count="20"/>
      <line num="224" type="stmt" count="20"/>
      <line num="225" type="stmt" count="5"/>
      <line num="227" type="stmt" count="5"/>
      <line num="229" type="stmt" count="5"/>
      <line num="230" type="stmt" count="5"/>
      <line num="233" type="stmt" count="5"/>
      <line num="234" type="stmt" count="2"/>
      <line num="235" type="stmt" count="1"/>
      <line num="236" type="stmt" count="1"/>
      <line num="237" type="stmt" count="2"/>
      <line num="240" type="stmt" count="5"/>
      <line num="241" type="stmt" count="5"/>
      <line num="242" type="stmt" count="2"/>
      <line num="243" type="stmt" count="2"/>
      <line num="244" type="stmt" count="2"/>
      <line num="245" type="stmt" count="2"/>
      <line num="246" type="stmt" count="2"/>
      <line num="247" type="stmt" count="5"/>
      <line num="248" type="stmt" count="4"/>
      <line num="249" type="stmt" count="1"/>
      <line num="250" type="stmt" count="1"/>
      <line num="251" type="stmt" count="1"/>
      <line num="252" type="stmt" count="1"/>
      <line num="253" type="stmt" count="3"/>
      <line num="255" type="stmt" count="4"/>
      <line num="256" type="stmt" count="5"/>
      <line num="259" type="stmt" count="5"/>
      <line num="262" type="stmt" count="15"/>
      <line num="273" type="method" name="_prepareSectionRegEx" crap="1" count="20"/>
      <line num="274" type="stmt" count="20"/>
      <line num="275" type="stmt" count="20"/>
      <line num="276" type="stmt" count="20"/>
      <line num="277" type="stmt" count="20"/>
      <line num="278" type="stmt" count="20"/>
      <line num="279" type="stmt" count="20"/>
      <line num="289" type="method" name="_findSection" crap="13" count="20"/>
      <line num="290" type="stmt" count="20"/>
      <line num="292" type="stmt" count="20"/>
      <line num="293" type="stmt" count="20"/>
      <line num="294" type="stmt" count="20"/>
      <line num="296" type="stmt" count="20"/>
      <line num="298" type="stmt" count="20"/>
      <line num="299" type="stmt" count="20"/>
      <line num="300" type="stmt" count="20"/>
      <line num="301" type="stmt" count="12"/>
      <line num="302" type="stmt" count="4"/>
      <line num="303" type="stmt" count="4"/>
      <line num="304" type="stmt" count="4"/>
      <line num="305" type="stmt" count="4"/>
      <line num="308" type="stmt" count="10"/>
      <line num="309" type="stmt" count="10"/>
      <line num="310" type="stmt" count="10"/>
      <line num="311" type="stmt" count="10"/>
      <line num="313" type="stmt" count="10"/>
      <line num="316" type="stmt" count="10"/>
      <line num="317" type="stmt" count="10"/>
      <line num="318" type="stmt" count="10"/>
      <line num="319" type="stmt" count="10"/>
      <line num="320" type="stmt" count="10"/>
      <line num="321" type="stmt" count="10"/>
      <line num="322" type="stmt" count="10"/>
      <line num="323" type="stmt" count="10"/>
      <line num="324" type="stmt" count="10"/>
      <line num="325" type="stmt" count="9"/>
      <line num="326" type="stmt" count="9"/>
      <line num="327" type="stmt" count="4"/>
      <line num="328" type="stmt" count="4"/>
      <line num="330" type="stmt" count="0"/>
      <line num="332" type="stmt" count="5"/>
      <line num="335" type="stmt" count="5"/>
      <line num="336" type="stmt" count="5"/>
      <line num="337" type="stmt" count="5"/>
      <line num="338" type="stmt" count="5"/>
      <line num="339" type="stmt" count="5"/>
      <line num="340" type="stmt" count="5"/>
      <line num="342" type="stmt" count="1"/>
      <line num="344" type="stmt" count="10"/>
      <line num="346" type="stmt" count="16"/>
      <line num="347" type="stmt" count="1"/>
      <line num="348" type="stmt" count="1"/>
      <line num="350" type="stmt" count="0"/>
      <line num="351" type="stmt" count="15"/>
      <line num="361" type="method" name="_preparePragmaRegEx" crap="2" count="0"/>
      <line num="362" type="stmt" count="0"/>
      <line num="363" type="stmt" count="0"/>
      <line num="364" type="stmt" count="0"/>
      <line num="365" type="stmt" count="0"/>
      <line num="366" type="stmt" count="0"/>
      <line num="376" type="method" name="_renderPragmas" crap="2.26" count="20"/>
      <line num="377" type="stmt" count="20"/>
      <line num="380" type="stmt" count="20"/>
      <line num="381" type="stmt" count="20"/>
      <line num="384" type="stmt" count="0"/>
      <line num="385" type="stmt" count="0"/>
      <line num="396" type="method" name="_renderPragma" crap="30" count="0"/>
      <line num="397" type="stmt" count="0"/>
      <line num="398" type="stmt" count="0"/>
      <line num="399" type="stmt" count="0"/>
      <line num="401" type="stmt" count="0"/>
      <line num="402" type="stmt" count="0"/>
      <line num="405" type="stmt" count="0"/>
      <line num="406" type="stmt" count="0"/>
      <line num="407" type="stmt" count="0"/>
      <line num="408" type="stmt" count="0"/>
      <line num="409" type="stmt" count="0"/>
      <line num="410" type="stmt" count="0"/>
      <line num="411" type="stmt" count="0"/>
      <line num="413" type="stmt" count="0"/>
      <line num="414" type="stmt" count="0"/>
      <line num="415" type="stmt" count="0"/>
      <line num="416" type="stmt" count="0"/>
      <line num="419" type="stmt" count="0"/>
      <line num="429" type="method" name="_hasPragma" crap="3.33" count="9"/>
      <line num="430" type="stmt" count="9"/>
      <line num="431" type="stmt" count="0"/>
      <line num="433" type="stmt" count="9"/>
      <line num="445" type="method" name="_getPragmaOptions" crap="12" count="0"/>
      <line num="446" type="stmt" count="0"/>
      <line num="447" type="stmt" count="0"/>
      <line num="450" type="stmt" count="0"/>
      <line num="462" type="method" name="_throwsException" crap="2" count="6"/>
      <line num="463" type="stmt" count="6"/>
      <line num="475" type="method" name="_prepareTagRegEx" crap="2" count="12"/>
      <line num="476" type="stmt" count="12"/>
      <line num="477" type="stmt" count="12"/>
      <line num="478" type="stmt" count="12"/>
      <line num="479" type="stmt" count="12"/>
      <line num="480" type="stmt" count="12"/>
      <line num="481" type="stmt" count="12"/>
      <line num="482" type="stmt" count="12"/>
      <line num="492" type="method" name="_renderTags" crap="10.02" count="15"/>
      <line num="493" type="stmt" count="15"/>
      <line num="494" type="stmt" count="8"/>
      <line num="497" type="stmt" count="12"/>
      <line num="498" type="stmt" count="12"/>
      <line num="500" type="stmt" count="12"/>
      <line num="501" type="stmt" count="12"/>
      <line num="502" type="stmt" count="12"/>
      <line num="503" type="stmt" count="12"/>
      <line num="504" type="stmt" count="12"/>
      <line num="505" type="stmt" count="12"/>
      <line num="506" type="stmt" count="12"/>
      <line num="508" type="stmt" count="12"/>
      <line num="509" type="stmt" count="12"/>
      <line num="510" type="stmt" count="12"/>
      <line num="511" type="stmt" count="8"/>
      <line num="514" type="stmt" count="12"/>
      <line num="515" type="stmt" count="12"/>
      <line num="516" type="stmt" count="12"/>
      <line num="517" type="stmt" count="8"/>
      <line num="520" type="stmt" count="12"/>
      <line num="522" type="stmt" count="12"/>
      <line num="523" type="stmt" count="12"/>
      <line num="524" type="stmt" count="0"/>
      <line num="525" type="stmt" count="0"/>
      <line num="526" type="stmt" count="12"/>
      <line num="528" type="stmt" count="12"/>
      <line num="530" type="stmt" count="12"/>
      <line num="531" type="stmt" count="12"/>
      <line num="532" type="stmt" count="12"/>
      <line num="533" type="stmt" count="12"/>
      <line num="534" type="stmt" count="12"/>
      <line num="536" type="stmt" count="12"/>
      <line num="553" type="method" name="_renderTag" crap="19.26" count="12"/>
      <line num="555" type="stmt" count="12"/>
      <line num="556" type="stmt" count="4"/>
      <line num="558" type="stmt" count="10"/>
      <line num="559" type="stmt" count="1"/>
      <line num="561" type="stmt" count="9"/>
      <line num="562" type="stmt" count="9"/>
      <line num="563" type="stmt" count="1"/>
      <line num="565" type="stmt" count="9"/>
      <line num="567" type="stmt" count="0"/>
      <line num="568" type="stmt" count="0"/>
      <line num="569" type="stmt" count="0"/>
      <line num="570" type="stmt" count="9"/>
      <line num="571" type="stmt" count="0"/>
      <line num="572" type="stmt" count="0"/>
      <line num="574" type="stmt" count="0"/>
      <line num="577" type="stmt" count="9"/>
      <line num="578" type="stmt" count="9"/>
      <line num="579" type="stmt" count="9"/>
      <line num="581" type="stmt" count="0"/>
      <line num="583" type="stmt" count="9"/>
      <line num="584" type="stmt" count="9"/>
      <line num="585" type="stmt" count="0"/>
      <line num="587" type="stmt" count="9"/>
      <line num="590" type="stmt" count="9"/>
      <line num="599" type="method" name="_stringHasR" crap="12" count="0"/>
      <line num="600" type="stmt" count="0"/>
      <line num="601" type="stmt" count="0"/>
      <line num="602" type="stmt" count="0"/>
      <line num="604" type="stmt" count="0"/>
      <line num="605" type="stmt" count="0"/>
      <line num="617" type="method" name="_renderEscaped" crap="1" count="9"/>
      <line num="618" type="stmt" count="9"/>
      <line num="630" type="method" name="_renderComment" crap="6.60" count="1"/>
      <line num="631" type="stmt" count="1"/>
      <line num="632" type="stmt" count="1"/>
      <line num="633" type="stmt" count="1"/>
      <line num="635" type="stmt" count="0"/>
      <line num="637" type="stmt" count="0"/>
      <line num="649" type="method" name="_renderUnescaped" crap="2" count="0"/>
      <line num="650" type="stmt" count="0"/>
      <line num="662" type="method" name="_renderPartial" crap="5.03" count="1"/>
      <line num="663" type="stmt" count="1"/>
      <line num="664" type="stmt" count="1"/>
      <line num="665" type="stmt" count="1"/>
      <line num="666" type="stmt" count="1"/>
      <line num="667" type="stmt" count="1"/>
      <line num="669" type="stmt" count="1"/>
      <line num="671" type="stmt" count="1"/>
      <line num="672" type="stmt" count="1"/>
      <line num="674" type="stmt" count="0"/>
      <line num="688" type="method" name="_changeDelimiter" crap="5.03" count="4"/>
      <line num="689" type="stmt" count="4"/>
      <line num="690" type="stmt" count="4"/>
      <line num="691" type="stmt" count="4"/>
      <line num="693" type="stmt" count="4"/>
      <line num="695" type="stmt" count="4"/>
      <line num="696" type="stmt" count="1"/>
      <line num="697" type="stmt" count="1"/>
      <line num="699" type="stmt" count="0"/>
      <line num="701" type="stmt" count="4"/>
      <line num="711" type="method" name="_pushContext" crap="2" count="3"/>
      <line num="712" type="stmt" count="3"/>
      <line num="713" type="stmt" count="3"/>
      <line num="714" type="stmt" count="3"/>
      <line num="715" type="stmt" count="3"/>
      <line num="716" type="stmt" count="3"/>
      <line num="717" type="stmt" count="3"/>
      <line num="718" type="stmt" count="3"/>
      <line num="726" type="method" name="_popContext" crap="2" count="3"/>
      <line num="727" type="stmt" count="3"/>
      <line num="729" type="stmt" count="3"/>
      <line num="730" type="stmt" count="3"/>
      <line num="731" type="stmt" count="3"/>
      <line num="732" type="stmt" count="3"/>
      <line num="733" type="stmt" count="3"/>
      <line num="734" type="stmt" count="3"/>
      <line num="735" type="stmt" count="3"/>
      <line num="751" type="method" name="_getVariable" crap="10.75" count="11"/>
      <line num="752" type="stmt" count="11"/>
      <line num="753" type="stmt" count="0"/>
      <line num="754" type="stmt" count="11"/>
      <line num="755" type="stmt" count="0"/>
      <line num="756" type="stmt" count="0"/>
      <line num="758" type="stmt" count="0"/>
      <line num="759" type="stmt" count="0"/>
      <line num="761" type="stmt" count="0"/>
      <line num="762" type="stmt" count="0"/>
      <line num="763" type="stmt" count="0"/>
      <line num="764" type="stmt" count="0"/>
      <line num="766" type="stmt" count="11"/>
      <line num="780" type="method" name="_findVariableInContext" crap="12.63" count="11"/>
      <line num="781" type="stmt" count="11"/>
      <line num="782" type="stmt" count="11"/>
      <line num="783" type="stmt" count="0"/>
      <line num="784" type="stmt" count="0"/>
      <line num="785" type="stmt" count="0"/>
      <line num="786" type="stmt" count="0"/>
      <line num="788" type="stmt" count="11"/>
      <line num="789" type="stmt" count="11"/>
      <line num="791" type="stmt" count="1"/>
      <line num="793" type="stmt" count="1"/>
      <line num="794" type="stmt" count="0"/>
      <line num="796" type="stmt" count="1"/>
      <line num="810" type="method" name="_getPartial" crap="7.46" count="1"/>
      <line num="811" type="stmt" count="1"/>
      <line num="812" type="stmt" count="1"/>
      <line num="815" type="stmt" count="0"/>
      <line num="816" type="stmt" count="0"/>
      <line num="818" type="stmt" count="0"/>
      <line num="829" type="method" name="_varIsIterable" crap="3" count="5"/>
      <line num="830" type="stmt" count="5"/>
      <metrics loc="862" ncloc="515" classes="2" methods="29" coveredmethods="24" conditionals="0" coveredconditionals="0" statements="305" coveredstatements="236" elements="334" coveredelements="260"/>
    </file>
    <file name="Z:\krismvc\framework\lib\view\MustacheView.php">
      <class name="MustacheView" namespace="global">
        <metrics methods="5" coveredmethods="0" conditionals="0" coveredconditionals="0" statements="15" coveredstatements="0" elements="20" coveredelements="0"/>
      </class>
      <line num="11" type="stmt" count="0"/>
      <line num="17" type="stmt" count="0"/>
      <line num="26" type="method" name="getMustache" crap="6" count="0"/>
      <line num="28" type="stmt" count="0"/>
      <line num="29" type="stmt" count="0"/>
      <line num="30" type="stmt" count="0"/>
      <line num="31" type="stmt" count="0"/>
      <line num="32" type="stmt" count="0"/>
      <line num="41" type="method" name="fetch" crap="6" count="0"/>
      <line num="43" type="stmt" count="0"/>
      <line num="44" type="stmt" count="0"/>
      <line num="45" type="stmt" count="0"/>
      <line num="46" type="stmt" count="0"/>
      <line num="48" type="stmt" count="0"/>
      <line num="58" type="method" name="fetchFromString" crap="2" count="0"/>
      <line num="60" type="stmt" count="0"/>
      <line num="61" type="stmt" count="0"/>
      <line num="68" type="method" name="dump" crap="2" count="0"/>
      <line num="70" type="stmt" count="0"/>
      <line num="71" type="stmt" count="0"/>
      <line num="78" type="method" name="contents" crap="2" count="0"/>
      <line num="80" type="stmt" count="0"/>
      <line num="85" type="stmt" count="0"/>
      <metrics loc="84" ncloc="46" classes="1" methods="5" coveredmethods="0" conditionals="0" coveredconditionals="0" statements="18" coveredstatements="0" elements="23" coveredelements="0"/>
    </file>
    <metrics files="29" loc="6830" ncloc="4385" classes="37" methods="321" coveredmethods="88" conditionals="0" coveredconditionals="0" statements="3028" coveredstatements="729" elements="3349" coveredelements="817"/>
  </project>
</coverage>
